[2022-09-05 07:50:30Z INFO HostContext] No proxy settings were found based on environmental variables (http_proxy/https_proxy/HTTP_PROXY/HTTPS_PROXY)
[2022-09-05 07:50:30Z INFO HostContext] Well known directory 'Bin': '/home/alex/gitops/2test2/actions-runner/bin'
[2022-09-05 07:50:30Z INFO HostContext] Well known directory 'Root': '/home/alex/gitops/2test2/actions-runner'
[2022-09-05 07:50:30Z INFO HostContext] Well known config file 'Credentials': '/home/alex/gitops/2test2/actions-runner/.credentials'
[2022-09-05 07:50:30Z INFO HostContext] Well known directory 'Bin': '/home/alex/gitops/2test2/actions-runner/bin'
[2022-09-05 07:50:30Z INFO HostContext] Well known directory 'Root': '/home/alex/gitops/2test2/actions-runner'
[2022-09-05 07:50:30Z INFO HostContext] Well known config file 'Runner': '/home/alex/gitops/2test2/actions-runner/.runner'
[2022-09-05 07:50:30Z INFO Listener] Runner is built for Linux (X64) - linux-x64.
[2022-09-05 07:50:30Z INFO Listener] RuntimeInformation: Linux 5.4.0-125-generic #141-Ubuntu SMP Wed Aug 10 13:42:03 UTC 2022.
[2022-09-05 07:50:30Z INFO Listener] Version: 2.296.1
[2022-09-05 07:50:30Z INFO Listener] Commit: 219852abcb49cb096136f5b0a807e512765647d5
[2022-09-05 07:50:30Z INFO Listener] Culture: 
[2022-09-05 07:50:30Z INFO Listener] UI Culture: 
[2022-09-05 07:50:30Z INFO HostContext] Well known directory 'Bin': '/home/alex/gitops/2test2/actions-runner/bin'
[2022-09-05 07:50:30Z INFO HostContext] Well known directory 'Root': '/home/alex/gitops/2test2/actions-runner'
[2022-09-05 07:50:30Z INFO Listener] Validating directory permissions for: '/home/alex/gitops/2test2/actions-runner'
[2022-09-05 07:50:30Z INFO CommandLineParser] Parse
[2022-09-05 07:50:30Z INFO CommandLineParser] Parsing 5 args
[2022-09-05 07:50:30Z INFO CommandLineParser] parsing argument
[2022-09-05 07:50:30Z INFO CommandLineParser] HasArgs: False
[2022-09-05 07:50:30Z INFO CommandLineParser] Adding Command: configure
[2022-09-05 07:50:30Z INFO CommandLineParser] parsing argument
[2022-09-05 07:50:30Z INFO CommandLineParser] HasArgs: True
[2022-09-05 07:50:30Z INFO CommandLineParser] arg: url
[2022-09-05 07:50:30Z INFO CommandLineParser] parsing argument
[2022-09-05 07:50:30Z INFO CommandLineParser] HasArgs: True
[2022-09-05 07:50:30Z INFO CommandLineParser] Adding option 'url': 'https://github.com/amuzhichenko/2test2'
[2022-09-05 07:50:30Z INFO CommandLineParser] parsing argument
[2022-09-05 07:50:30Z INFO CommandLineParser] HasArgs: True
[2022-09-05 07:50:30Z INFO CommandLineParser] arg: token
[2022-09-05 07:50:30Z INFO CommandLineParser] parsing argument
[2022-09-05 07:50:30Z INFO CommandLineParser] HasArgs: True
[2022-09-05 07:50:30Z INFO CommandLineParser] Adding option 'token': '***'
[2022-09-05 07:50:30Z INFO Listener] Arguments parsed
[2022-09-05 07:50:30Z INFO Runner] ExecuteCommand
[2022-09-05 07:50:30Z INFO ConfigurationStore] currentAssemblyLocation: /home/alex/gitops/2test2/actions-runner/bin/Runner.Listener.dll
[2022-09-05 07:50:30Z INFO HostContext] Well known directory 'Bin': '/home/alex/gitops/2test2/actions-runner/bin'
[2022-09-05 07:50:30Z INFO ConfigurationStore] binPath: /home/alex/gitops/2test2/actions-runner/bin
[2022-09-05 07:50:30Z INFO HostContext] Well known directory 'Bin': '/home/alex/gitops/2test2/actions-runner/bin'
[2022-09-05 07:50:30Z INFO HostContext] Well known directory 'Root': '/home/alex/gitops/2test2/actions-runner'
[2022-09-05 07:50:30Z INFO ConfigurationStore] RootFolder: /home/alex/gitops/2test2/actions-runner
[2022-09-05 07:50:30Z INFO HostContext] Well known directory 'Bin': '/home/alex/gitops/2test2/actions-runner/bin'
[2022-09-05 07:50:30Z INFO HostContext] Well known directory 'Root': '/home/alex/gitops/2test2/actions-runner'
[2022-09-05 07:50:30Z INFO HostContext] Well known config file 'Runner': '/home/alex/gitops/2test2/actions-runner/.runner'
[2022-09-05 07:50:30Z INFO ConfigurationStore] ConfigFilePath: /home/alex/gitops/2test2/actions-runner/.runner
[2022-09-05 07:50:30Z INFO HostContext] Well known directory 'Bin': '/home/alex/gitops/2test2/actions-runner/bin'
[2022-09-05 07:50:30Z INFO HostContext] Well known directory 'Root': '/home/alex/gitops/2test2/actions-runner'
[2022-09-05 07:50:30Z INFO HostContext] Well known config file 'Credentials': '/home/alex/gitops/2test2/actions-runner/.credentials'
[2022-09-05 07:50:30Z INFO ConfigurationStore] CredFilePath: /home/alex/gitops/2test2/actions-runner/.credentials
[2022-09-05 07:50:30Z INFO HostContext] Well known directory 'Bin': '/home/alex/gitops/2test2/actions-runner/bin'
[2022-09-05 07:50:30Z INFO HostContext] Well known directory 'Root': '/home/alex/gitops/2test2/actions-runner'
[2022-09-05 07:50:30Z INFO HostContext] Well known config file 'MigratedCredentials': '/home/alex/gitops/2test2/actions-runner/.credentials_migrated'
[2022-09-05 07:50:30Z INFO ConfigurationStore] MigratedCredFilePath: /home/alex/gitops/2test2/actions-runner/.credentials_migrated
[2022-09-05 07:50:30Z INFO HostContext] Well known directory 'Bin': '/home/alex/gitops/2test2/actions-runner/bin'
[2022-09-05 07:50:30Z INFO HostContext] Well known directory 'Root': '/home/alex/gitops/2test2/actions-runner'
[2022-09-05 07:50:30Z INFO HostContext] Well known config file 'Service': '/home/alex/gitops/2test2/actions-runner/.service'
[2022-09-05 07:50:30Z INFO ConfigurationStore] ServiceConfigFilePath: /home/alex/gitops/2test2/actions-runner/.service
[2022-09-05 07:50:30Z INFO CommandSettings] Flag 'help': 'False'
[2022-09-05 07:50:30Z INFO CommandSettings] Flag 'version': 'False'
[2022-09-05 07:50:30Z INFO CommandSettings] Flag 'commit': 'False'
[2022-09-05 07:50:30Z INFO CommandSettings] Flag 'check': 'False'
[2022-09-05 07:50:30Z INFO CommandSettings] Command 'configure': 'True'
[2022-09-05 07:50:30Z INFO Terminal] WRITE LINE: 
[2022-09-05 07:50:30Z INFO Terminal] WRITE LINE: --------------------------------------------------------------------------------
[2022-09-05 07:50:30Z INFO Terminal] WRITE LINE: |        ____ _ _   _   _       _          _        _   _                      |
[2022-09-05 07:50:30Z INFO Terminal] WRITE LINE: |       / ___(_) |_| | | |_   _| |__      / \   ___| |_(_) ___  _ __  ___      |
[2022-09-05 07:50:30Z INFO Terminal] WRITE LINE: |      | |  _| | __| |_| | | | | '_ \    / _ \ / __| __| |/ _ \| '_ \/ __|     |
[2022-09-05 07:50:30Z INFO Terminal] WRITE LINE: |      | |_| | | |_|  _  | |_| | |_) |  / ___ \ (__| |_| | (_) | | | \__ \     |
[2022-09-05 07:50:30Z INFO Terminal] WRITE LINE: |       \____|_|\__|_| |_|\__,_|_.__/  /_/   \_\___|\__|_|\___/|_| |_|___/     |
[2022-09-05 07:50:30Z INFO Terminal] WRITE LINE: |                                                                              |
[2022-09-05 07:50:30Z INFO Terminal] WRITE: |                       
[2022-09-05 07:50:30Z INFO Terminal] WRITE: Self-hosted runner registration
[2022-09-05 07:50:30Z INFO Terminal] WRITE LINE:                         |
[2022-09-05 07:50:30Z INFO Terminal] WRITE LINE: |                                                                              |
[2022-09-05 07:50:30Z INFO Terminal] WRITE LINE: --------------------------------------------------------------------------------
[2022-09-05 07:50:30Z INFO ConfigurationManager] ConfigureAsync
[2022-09-05 07:50:30Z INFO ConfigurationStore] IsConfigured()
[2022-09-05 07:50:30Z INFO ConfigurationStore] IsConfigured: False
[2022-09-05 07:50:30Z INFO ConfigurationManager] Is configured: False
[2022-09-05 07:50:30Z INFO CommandSettings] Arg 'url': 'https://github.com/amuzhichenko/2test2'
[2022-09-05 07:50:30Z INFO CommandSettings] Remove url from Arg dictionary.
[2022-09-05 07:50:30Z INFO CommandSettings] Arg 'token': '***'
[2022-09-05 07:50:30Z INFO CommandSettings] Remove token from Arg dictionary.
[2022-09-05 07:50:31Z INFO ConfigurationManager] Http response code: OK from 'POST https://api.github.com/actions/runner-registration'
[2022-09-05 07:50:31Z INFO ConfigurationManager] cred retrieved via GitHub auth
[2022-09-05 07:50:31Z INFO RunnerServer] Establish connection with 100 seconds timeout.
[2022-09-05 07:50:31Z INFO GitHubActionsService] Starting operation Location.GetConnectionData
[2022-09-05 07:50:31Z INFO RunnerServer] Establish connection with 60 seconds timeout.
[2022-09-05 07:50:31Z INFO GitHubActionsService] Starting operation Location.GetConnectionData
[2022-09-05 07:50:31Z INFO RunnerServer] Establish connection with 60 seconds timeout.
[2022-09-05 07:50:31Z INFO GitHubActionsService] Starting operation Location.GetConnectionData
[2022-09-05 07:50:31Z INFO GitHubActionsService] Finished operation Location.GetConnectionData
[2022-09-05 07:50:31Z INFO GitHubActionsService] Finished operation Location.GetConnectionData
[2022-09-05 07:50:32Z INFO GitHubActionsService] Finished operation Location.GetConnectionData
[2022-09-05 07:50:32Z INFO Terminal] WRITE LINE: 
[2022-09-05 07:50:32Z INFO ConfigurationManager] Test Connection complete.
[2022-09-05 07:50:32Z INFO HostContext] Well known directory 'Bin': '/home/alex/gitops/2test2/actions-runner/bin'
[2022-09-05 07:50:32Z INFO HostContext] Well known directory 'Root': '/home/alex/gitops/2test2/actions-runner'
[2022-09-05 07:50:32Z INFO HostContext] Well known config file 'RSACredentials': '/home/alex/gitops/2test2/actions-runner/.credentials_rsaparams'
[2022-09-05 07:50:32Z INFO RSAFileKeyManager] Found existing RSA key parameters file /home/alex/gitops/2test2/actions-runner/.credentials_rsaparams
[2022-09-05 07:50:32Z INFO CommandSettings] Arg 'runnergroup': ''
[2022-09-05 07:50:32Z INFO CommandSettings] Flag 'unattended': 'False'
[2022-09-05 07:50:32Z INFO PromptManager] ReadValue
[2022-09-05 07:50:32Z INFO Terminal] WRITE: Enter the name of the runner group to add this runner to: 
[2022-09-05 07:50:32Z INFO Terminal] WRITE: [press Enter for Default] 
[2022-09-05 07:50:32Z INFO Terminal] READ LINE
[2022-09-05 07:50:36Z INFO Terminal] Read value: ''
[2022-09-05 07:50:36Z INFO PromptManager] Falling back to the default: 'Default'
[2022-09-05 07:50:36Z INFO Terminal] WRITE LINE: 
[2022-09-05 07:50:36Z INFO ConfigurationManager] Found a self-hosted runner group with id 1 and name Default
[2022-09-05 07:50:36Z INFO CommandSettings] Flag 'disableupdate': 'False'
[2022-09-05 07:50:36Z INFO CommandSettings] Flag 'ephemeral': 'False'
[2022-09-05 07:50:36Z INFO CommandSettings] Arg 'name': ''
[2022-09-05 07:50:36Z INFO CommandSettings] Flag 'unattended': 'False'
[2022-09-05 07:50:36Z INFO PromptManager] ReadValue
[2022-09-05 07:50:36Z INFO Terminal] WRITE: Enter the name of runner: 
[2022-09-05 07:50:36Z INFO Terminal] WRITE: [press Enter for ubuntupr] 
[2022-09-05 07:50:36Z INFO Terminal] READ LINE
[2022-09-05 07:50:38Z INFO Terminal] Read value: ''
[2022-09-05 07:50:38Z INFO PromptManager] Falling back to the default: 'ubuntupr'
[2022-09-05 07:50:38Z INFO Terminal] WRITE LINE: 
[2022-09-05 07:50:38Z INFO CommandSettings] Arg 'labels': ''
[2022-09-05 07:50:38Z INFO CommandSettings] Flag 'unattended': 'False'
[2022-09-05 07:50:38Z INFO PromptManager] ReadValue
[2022-09-05 07:50:38Z INFO Terminal] WRITE: This runner will have the following labels: 'self-hosted', 'Linux', 'X64' 
Enter any additional labels (ex. label-1,label-2): 
[2022-09-05 07:50:38Z INFO Terminal] WRITE: [press Enter to skip] 
[2022-09-05 07:50:38Z INFO Terminal] READ LINE
[2022-09-05 07:50:43Z INFO Terminal] Read value: ''
[2022-09-05 07:50:43Z INFO Terminal] WRITE LINE: 
[2022-09-05 07:50:43Z INFO CommandSettings] Flag 'disableupdate': 'False'
[2022-09-05 07:50:43Z INFO CommandSettings] Flag 'disableupdate': 'False'
[2022-09-05 07:50:43Z INFO CommandSettings] Flag 'ephemeral': 'False'
[2022-09-05 07:50:43Z INFO ConfigurationStore] Saving OAuth credential @ /home/alex/gitops/2test2/actions-runner/.credentials
[2022-09-05 07:50:43Z INFO ConfigurationStore] Credentials Saved.
[2022-09-05 07:50:43Z INFO ConfigurationStore] HasCredentials()
[2022-09-05 07:50:43Z INFO ConfigurationStore] stored True
[2022-09-05 07:50:43Z INFO CredentialManager] GetCredentialProvider
[2022-09-05 07:50:43Z INFO CredentialManager] Creating type OAuth
[2022-09-05 07:50:43Z INFO CredentialManager] Creating credential type: OAuth
[2022-09-05 07:50:43Z INFO RSAFileKeyManager] Loading RSA key parameters from file /home/alex/gitops/2test2/actions-runner/.credentials_rsaparams
[2022-09-05 07:50:43Z INFO RunnerServer] Establish connection with 100 seconds timeout.
[2022-09-05 07:50:43Z INFO GitHubActionsService] Starting operation Location.GetConnectionData
[2022-09-05 07:50:43Z INFO RunnerServer] Establish connection with 60 seconds timeout.
[2022-09-05 07:50:43Z INFO GitHubActionsService] Starting operation Location.GetConnectionData
[2022-09-05 07:50:43Z INFO RunnerServer] Establish connection with 60 seconds timeout.
[2022-09-05 07:50:43Z INFO GitHubActionsService] Starting operation Location.GetConnectionData
[2022-09-05 07:50:44Z INFO GitHubActionsService] Finished operation Location.GetConnectionData
[2022-09-05 07:50:44Z INFO GitHubActionsService] Finished operation Location.GetConnectionData
[2022-09-05 07:50:44Z INFO GitHubActionsService] Finished operation Location.GetConnectionData
[2022-09-05 07:50:44Z INFO RSAFileKeyManager] Loading RSA key parameters from file /home/alex/gitops/2test2/actions-runner/.credentials_rsaparams
[2022-09-05 07:50:44Z INFO RSAFileKeyManager] Loading RSA key parameters from file /home/alex/gitops/2test2/actions-runner/.credentials_rsaparams
[2022-09-05 07:50:45Z INFO GitHubActionsService] AAD Correlation ID for this token request: Unknown
[2022-09-05 07:50:45Z INFO CommandSettings] Arg 'work': ''
[2022-09-05 07:50:45Z INFO CommandSettings] Flag 'unattended': 'False'
[2022-09-05 07:50:45Z INFO PromptManager] ReadValue
[2022-09-05 07:50:45Z INFO Terminal] WRITE: Enter name of work folder: 
[2022-09-05 07:50:45Z INFO Terminal] WRITE: [press Enter for _work] 
[2022-09-05 07:50:45Z INFO Terminal] READ LINE
[2022-09-05 07:50:50Z INFO Terminal] Read value: ''
[2022-09-05 07:50:50Z INFO PromptManager] Falling back to the default: '_work'
[2022-09-05 07:50:50Z INFO ConfigurationStore] Saving runner settings.
[2022-09-05 07:50:50Z INFO ConfigurationStore] Settings Saved.
[2022-09-05 07:50:50Z INFO Terminal] WRITE LINE: 
[2022-09-05 07:50:50Z INFO Terminal] WRITE LINE: 
[2022-09-05 07:50:50Z INFO SystemDControlManager] Service name 'actions.runner.amuzhichenko-2test2.ubuntupr.service' display name 'GitHub Actions Runner (amuzhichenko-2test2.ubuntupr)' will be used for service configuration.
[2022-09-05 07:50:50Z INFO HostContext] Well known directory 'Bin': '/home/alex/gitops/2test2/actions-runner/bin'
[2022-09-05 07:50:50Z INFO HostContext] Well known directory 'Root': '/home/alex/gitops/2test2/actions-runner'
[2022-09-05 07:50:50Z INFO HostContext] Well known directory 'Bin': '/home/alex/gitops/2test2/actions-runner/bin'
[2022-09-05 07:50:50Z INFO HostContext] Well known directory 'Bin': '/home/alex/gitops/2test2/actions-runner/bin'
[2022-09-05 07:50:50Z INFO HostContext] Well known directory 'Root': '/home/alex/gitops/2test2/actions-runner'
[2022-09-05 07:50:50Z INFO UnixUtil] Which: 'chmod'
[2022-09-05 07:50:50Z INFO UnixUtil] Location: '/usr/bin/chmod'
[2022-09-05 07:50:50Z INFO UnixUtil] Running /usr/bin/chmod 755 "/home/alex/gitops/2test2/actions-runner/svc.sh"
[2022-09-05 07:50:50Z INFO ProcessInvokerWrapper] Starting process:
[2022-09-05 07:50:50Z INFO ProcessInvokerWrapper]   File name: '/usr/bin/chmod'
[2022-09-05 07:50:50Z INFO ProcessInvokerWrapper]   Arguments: '755 "/home/alex/gitops/2test2/actions-runner/svc.sh"'
[2022-09-05 07:50:50Z INFO ProcessInvokerWrapper]   Working directory: '/home/alex/gitops/2test2/actions-runner'
[2022-09-05 07:50:50Z INFO ProcessInvokerWrapper]   Require exit code zero: 'True'
[2022-09-05 07:50:50Z INFO ProcessInvokerWrapper]   Encoding web name:  ; code page: ''
[2022-09-05 07:50:50Z INFO ProcessInvokerWrapper]   Force kill process on cancellation: 'False'
[2022-09-05 07:50:50Z INFO ProcessInvokerWrapper]   Redirected STDIN: 'False'
[2022-09-05 07:50:50Z INFO ProcessInvokerWrapper]   Persist current code page: 'False'
[2022-09-05 07:50:50Z INFO ProcessInvokerWrapper]   Keep redirected STDIN open: 'False'
[2022-09-05 07:50:50Z INFO ProcessInvokerWrapper]   High priority process: 'False'
[2022-09-05 07:50:50Z INFO ProcessInvokerWrapper] STDOUT/STDERR stream read finished.
[2022-09-05 07:50:50Z INFO ProcessInvokerWrapper] STDOUT/STDERR stream read finished.
[2022-09-05 07:50:50Z INFO ProcessInvokerWrapper] Process started with process id 9682, waiting for process exit.
[2022-09-05 07:50:50Z INFO ProcessInvokerWrapper] Finished process 9682 with exit code 0, and elapsed time 00:00:00.0127332.
[2022-09-05 07:50:50Z INFO Listener] Runner execution has finished with return code 0
