[2022-09-05 08:27:20Z INFO HostContext] No proxy settings were found based on environmental variables (http_proxy/https_proxy/HTTP_PROXY/HTTPS_PROXY)
[2022-09-05 08:27:20Z INFO HostContext] Well known directory 'Bin': '/home/alex/gitops/2test2/actions-runner/bin'
[2022-09-05 08:27:20Z INFO HostContext] Well known directory 'Root': '/home/alex/gitops/2test2/actions-runner'
[2022-09-05 08:27:20Z INFO HostContext] Well known config file 'Credentials': '/home/alex/gitops/2test2/actions-runner/.credentials'
[2022-09-05 08:27:20Z INFO HostContext] Well known directory 'Bin': '/home/alex/gitops/2test2/actions-runner/bin'
[2022-09-05 08:27:20Z INFO HostContext] Well known directory 'Root': '/home/alex/gitops/2test2/actions-runner'
[2022-09-05 08:27:20Z INFO HostContext] Well known config file 'Runner': '/home/alex/gitops/2test2/actions-runner/.runner'
[2022-09-05 08:27:20Z INFO Worker] Version: 2.296.1
[2022-09-05 08:27:20Z INFO Worker] Commit: 219852abcb49cb096136f5b0a807e512765647d5
[2022-09-05 08:27:20Z INFO Worker] Culture: 
[2022-09-05 08:27:20Z INFO Worker] UI Culture: 
[2022-09-05 08:27:20Z INFO Worker] Waiting to receive the job message from the channel.
[2022-09-05 08:27:20Z INFO ProcessChannel] Receiving message of length 21009, with hash 'efad86fe4da69f2b083b78dfea21f49fd0a6ae4b653f500ca913b54fff5dafd5'
[2022-09-05 08:27:20Z INFO Worker] Message received.
[2022-09-05 08:27:21Z INFO Worker] Job message:
 {
  "fileTable": [
    ".github/workflows/matrix.yaml"
  ],
  "mask": [
    {
      "type": "regex",
      "value": "***"
    },
    {
      "type": "regex",
      "value": "***"
    },
    {
      "type": "regex",
      "value": "***"
    },
    {
      "type": "regex",
      "value": "***"
    },
    {
      "type": "regex",
      "value": "***"
    },
    {
      "type": "regex",
      "value": "***"
    },
    {
      "type": "regex",
      "value": "***"
    },
    {
      "type": "regex",
      "value": "***"
    },
    {
      "type": "regex",
      "value": "***"
    },
    {
      "type": "regex",
      "value": "***"
    }
  ],
  "steps": [
    {
      "type": "action",
      "reference": {
        "type": "script"
      },
      "displayNameToken": {
        "type": 0,
        "file": 1,
        "line": 15,
        "col": 15,
        "lit": "Install netcat"
      },
      "contextName": "__run",
      "inputs": {
        "type": 2,
        "map": [
          {
            "key": "script",
            "value": {
              "type": 0,
              "file": 1,
              "line": 16,
              "col": 14,
              "lit": "sudo apt update && sudo apt install -y netcat"
            }
          }
        ]
      },
      "condition": "success()",
      "id": "b06ad0ab-f8fe-51d6-fb65-2eb135b04ced",
      "name": "__run"
    },
    {
      "type": "action",
      "reference": {
        "type": "script"
      },
      "contextName": "__run_2",
      "inputs": {
        "type": 2,
        "map": [
          {
            "key": "script",
            "value": {
              "type": 0,
              "file": 1,
              "line": 17,
              "col": 14,
              "lit": "echo \"netcat has been installed\""
            }
          }
        ]
      },
      "condition": "success()",
      "id": "de33432b-863c-5613-9d99-1f8396b876c9",
      "name": "__run_2"
    },
    {
      "type": "action",
      "reference": {
        "type": "script"
      },
      "contextName": "__run_3",
      "inputs": {
        "type": 2,
        "map": [
          {
            "key": "script",
            "value": {
              "type": 3,
              "file": 1,
              "line": 18,
              "col": 14,
              "expr": "format('nc -z -v -w2 {0} 443 > {1}.log 2>&1\nls -la\n', matrix.check-sites, matrix.check-sites)"
            }
          }
        ]
      },
      "condition": "success()",
      "id": "95ab4ec5-9f19-5241-9195-18c059c1850d",
      "name": "__run_3"
    },
    {
      "type": "action",
      "reference": {
        "type": "repository",
        "name": "actions/upload-artifact",
        "ref": "v2",
        "repositoryType": "GitHub",
        "path": ""
      },
      "displayNameToken": {
        "type": 0,
        "file": 1,
        "line": 21,
        "col": 15,
        "lit": "Upload report"
      },
      "contextName": "__actions_upload-artifact",
      "inputs": {
        "type": 2,
        "file": 1,
        "line": 24,
        "col": 11,
        "map": [
          {
            "key": {
              "type": 0,
              "file": 1,
              "line": 24,
              "col": 11,
              "lit": "path"
            },
            "value": {
              "type": 3,
              "file": 1,
              "line": 24,
              "col": 17,
              "expr": "format('{0}.log', matrix.check-sites)"
            }
          }
        ]
      },
      "condition": "success()",
      "id": "11cce32d-0c93-5f99-0fc5-f754d2c8bb4e",
      "name": "__actions_upload-artifact"
    }
  ],
  "variables": {
    "system.isScheduled": {
      "value": "False"
    },
    "system.servertype": {
      "value": "Hosted"
    },
    "system.culture": {
      "value": "en-US"
    },
    "system.pipelineStartTime": {
      "value": "2022-09-05 08:27:17+00:00"
    },
    "system.runner.lowdiskspacethreshold": {
      "value": "100"
    },
    "DistributedTask.NewActionMetadata": {
      "value": "true"
    },
    "DistributedTask.EnableCompositeActions": {
      "value": "true"
    },
    "DistributedTask.EnhancedAnnotations": {
      "value": "true"
    },
    "DistributedTask.UploadStepSummary": {
      "value": "true"
    },
    "DistributedTask.AllowRunnerContainerHooks": {
      "value": "true"
    },
    "system.teamProjectId": {
      "value": "00000000-0000-0000-0000-000000000000"
    },
    "build.buildId": {
      "value": "6"
    },
    "build.containerId": {
      "value": "1291388"
    },
    "system.workflowFilePath": {
      "value": ".github/workflows/matrix.yaml"
    },
    "system.phaseDisplayName": {
      "value": "prepare"
    },
    "system.phaseId": {
      "value": "2fa1f09b-3704-5a74-0109-0f46ede9733e"
    },
    "system.phaseName": {
      "value": "prepare"
    },
    "system.phaseAttempt": {
      "value": "1"
    },
    "system.jobIdentifier": {
      "value": "prepare.github_com"
    },
    "system.jobAttempt": {
      "value": "1"
    },
    "System.JobPositionInPhase": {
      "value": "3"
    },
    "System.TotalJobsInPhase": {
      "value": "3"
    },
    "system.github.job": {
      "value": "prepare"
    },
    "system.jobDisplayName": {
      "value": "prepare (github.com)"
    },
    "system.jobId": {
      "value": "7222584d-8208-5865-6f16-10afbb72b1da"
    },
    "system.jobName": {
      "value": "github_com"
    },
    "system.github.token.permissions": {
      "value": "{\"Actions\":\"write\",\"Checks\":\"write\",\"Contents\":\"write\",\"Deployments\":\"write\",\"Discussions\":\"write\",\"Issues\":\"write\",\"Metadata\":\"read\",\"Packages\":\"write\",\"Pages\":\"write\",\"PullRequests\":\"write\",\"RepositoryProjects\":\"write\",\"SecurityEvents\":\"write\",\"Statuses\":\"write\"}"
    },
    "system.github.token": {
      "value": "***",
      "isSecret": true
    },
    "system.runnerGroupName": {
      "value": "Default"
    }
  },
  "messageType": "PipelineAgentJobRequest",
  "plan": {
    "scopeIdentifier": "00000000-0000-0000-0000-000000000000",
    "planType": "Actions",
    "version": 26,
    "planId": "5fe09b3c-41c3-4fc1-a80f-a141d46aa005",
    "planGroup": "Actions:00000000-0000-0000-0000-000000000000:1",
    "artifactUri": "vstfs:///Build/Build/6",
    "artifactLocation": null,
    "definition": {
      "_links": {},
      "id": 3,
      "name": "2test2"
    },
    "owner": {
      "_links": {},
      "id": 3,
      "name": "amuzhichenko"
    }
  },
  "timeline": {
    "id": "5fe09b3c-41c3-4fc1-a80f-a141d46aa005",
    "changeId": 0,
    "location": null
  },
  "jobId": "7222584d-8208-5865-6f16-10afbb72b1da",
  "jobDisplayName": "prepare (github.com)",
  "jobName": "github_com",
  "requestId": 10,
  "lockedUntil": "0001-01-01T00:00:00",
  "resources": {
    "endpoints": [
      {
        "data": {
          "ServerId": "a6c4dc71-f917-4a24-ae28-f29771447f5b",
          "ServerName": "wFr44QatRczz1iYGfPSOv8Dpj9PMrLFo0lk6MSHAMLkrjsn24s",
          "CacheServerUrl": "https://artifactcache.actions.githubusercontent.com/wFr44QatRczz1iYGfPSOv8Dpj9PMrLFo0lk6MSHAMLkrjsn24s/",
          "FeedStreamUrl": "https://pipelines.actions.githubusercontent.com/wFr44QatRczz1iYGfPSOv8Dpj9PMrLFo0lk6MSHAMLkrjsn24s/00000000-0000-0000-0000-000000000000/_apis/distributedtask/hubs/Actions/plans/5fe09b3c-41c3-4fc1-a80f-a141d46aa005/timelines/5fe09b3c-41c3-4fc1-a80f-a141d46aa005/records/7222584d-8208-5865-6f16-10afbb72b1da/feedstream?api-version=6.0-preview"
        },
        "name": "SystemVssConnection",
        "url": "https://pipelines.actions.githubusercontent.com/wFr44QatRczz1iYGfPSOv8Dpj9PMrLFo0lk6MSHAMLkrjsn24s/",
        "authorization": {
          "parameters": {
            "AccessToken": ***
          },
          "scheme": "OAuth"
        },
        "isShared": false,
        "isReady": true
      }
    ]
  },
  "contextData": {
    "github": {
      "t": 2,
      "d": [
        {
          "k": "ref",
          "v": "refs/heads/main"
        },
        {
          "k": "sha",
          "v": "2883cfa62d706cfa2b04f6bcbc77ee48bfa7623d"
        },
        {
          "k": "repository",
          "v": "amuzhichenko/2test2"
        },
        {
          "k": "repository_owner",
          "v": "amuzhichenko"
        },
        {
          "k": "repository_owner_id",
          "v": "61495795"
        },
        {
          "k": "repositoryUrl",
          "v": "git://github.com/amuzhichenko/2test2.git"
        },
        {
          "k": "run_id",
          "v": "2991776835"
        },
        {
          "k": "run_number",
          "v": "3"
        },
        {
          "k": "retention_days",
          "v": "90"
        },
        {
          "k": "run_attempt",
          "v": "1"
        },
        {
          "k": "artifact_cache_size_limit",
          "v": "10"
        },
        {
          "k": "repository_visibility",
          "v": "public"
        },
        {
          "k": "repository_id",
          "v": "532567042"
        },
        {
          "k": "actor_id",
          "v": "61495795"
        },
        {
          "k": "actor",
          "v": "amuzhichenko"
        },
        {
          "k": "triggering_actor",
          "v": "amuzhichenko"
        },
        {
          "k": "workflow",
          "v": "Check remote hosts and push reports"
        },
        {
          "k": "head_ref",
          "v": ""
        },
        {
          "k": "base_ref",
          "v": ""
        },
        {
          "k": "event_name",
          "v": "push"
        },
        {
          "k": "event",
          "v": {
            "t": 2,
            "d": [
              {
                "k": "after",
                "v": "2883cfa62d706cfa2b04f6bcbc77ee48bfa7623d"
              },
              {
                "k": "base_ref",
                "v": null
              },
              {
                "k": "before",
                "v": "d7b2c8cc29623ed0b0481f6fbcbe494ab30f6433"
              },
              {
                "k": "commits",
                "v": {
                  "t": 1,
                  "a": [
                    {
                      "t": 2,
                      "d": [
                        {
                          "k": "author",
                          "v": {
                            "t": 2,
                            "d": [
                              {
                                "k": "email",
                                "v": "muzhichenkoalex@gmail.com"
                              },
                              {
                                "k": "name",
                                "v": "Alex M"
                              }
                            ]
                          }
                        },
                        {
                          "k": "committer",
                          "v": {
                            "t": 2,
                            "d": [
                              {
                                "k": "email",
                                "v": "muzhichenkoalex@gmail.com"
                              },
                              {
                                "k": "name",
                                "v": "Alex M"
                              }
                            ]
                          }
                        },
                        {
                          "k": "distinct",
                          "v": true
                        },
                        {
                          "k": "id",
                          "v": "2883cfa62d706cfa2b04f6bcbc77ee48bfa7623d"
                        },
                        {
                          "k": "message",
                          "v": "Add slack notification"
                        },
                        {
                          "k": "timestamp",
                          "v": "2022-09-05T08:26:56Z"
                        },
                        {
                          "k": "tree_id",
                          "v": "ab9cdee3cd22afb3b0fa0a283a12672f0a851c10"
                        },
                        {
                          "k": "url",
                          "v": "https://github.com/amuzhichenko/2test2/commit/2883cfa62d706cfa2b04f6bcbc77ee48bfa7623d"
                        }
                      ]
                    }
                  ]
                }
              },
              {
                "k": "compare",
                "v": "https://github.com/amuzhichenko/2test2/compare/d7b2c8cc2962...2883cfa62d70"
              },
              {
                "k": "created",
                "v": false
              },
              {
                "k": "deleted",
                "v": false
              },
              {
                "k": "forced",
                "v": false
              },
              {
                "k": "head_commit",
                "v": {
                  "t": 2,
                  "d": [
                    {
                      "k": "author",
                      "v": {
                        "t": 2,
                        "d": [
                          {
                            "k": "email",
                            "v": "muzhichenkoalex@gmail.com"
                          },
                          {
                            "k": "name",
                            "v": "Alex M"
                          }
                        ]
                      }
                    },
                    {
                      "k": "committer",
                      "v": {
                        "t": 2,
                        "d": [
                          {
                            "k": "email",
                            "v": "muzhichenkoalex@gmail.com"
                          },
                          {
                            "k": "name",
                            "v": "Alex M"
                          }
                        ]
                      }
                    },
                    {
                      "k": "distinct",
                      "v": true
                    },
                    {
                      "k": "id",
                      "v": "2883cfa62d706cfa2b04f6bcbc77ee48bfa7623d"
                    },
                    {
                      "k": "message",
                      "v": "Add slack notification"
                    },
                    {
                      "k": "timestamp",
                      "v": "2022-09-05T08:26:56Z"
                    },
                    {
                      "k": "tree_id",
                      "v": "ab9cdee3cd22afb3b0fa0a283a12672f0a851c10"
                    },
                    {
                      "k": "url",
                      "v": "https://github.com/amuzhichenko/2test2/commit/2883cfa62d706cfa2b04f6bcbc77ee48bfa7623d"
                    }
                  ]
                }
              },
              {
                "k": "pusher",
                "v": {
                  "t": 2,
                  "d": [
                    {
                      "k": "email",
                      "v": "61495795+amuzhichenko@users.noreply.github.com"
                    },
                    {
                      "k": "name",
                      "v": "amuzhichenko"
                    }
                  ]
                }
              },
              {
                "k": "ref",
                "v": "refs/heads/main"
              },
              {
                "k": "repository",
                "v": {
                  "t": 2,
                  "d": [
                    {
                      "k": "allow_forking",
                      "v": true
                    },
                    {
                      "k": "archive_url",
                      "v": "https://api.github.com/repos/amuzhichenko/2test2/{archive_format}{/ref}"
                    },
                    {
                      "k": "archived",
                      "v": false
                    },
                    {
                      "k": "assignees_url",
                      "v": "https://api.github.com/repos/amuzhichenko/2test2/assignees{/user}"
                    },
                    {
                      "k": "blobs_url",
                      "v": "https://api.github.com/repos/amuzhichenko/2test2/git/blobs{/sha}"
                    },
                    {
                      "k": "branches_url",
                      "v": "https://api.github.com/repos/amuzhichenko/2test2/branches{/branch}"
                    },
                    {
                      "k": "clone_url",
                      "v": "https://github.com/amuzhichenko/2test2.git"
                    },
                    {
                      "k": "collaborators_url",
                      "v": "https://api.github.com/repos/amuzhichenko/2test2/collaborators{/collaborator}"
                    },
                    {
                      "k": "comments_url",
                      "v": "https://api.github.com/repos/amuzhichenko/2test2/comments{/number}"
                    },
                    {
                      "k": "commits_url",
                      "v": "https://api.github.com/repos/amuzhichenko/2test2/commits{/sha}"
                    },
                    {
                      "k": "compare_url",
                      "v": "https://api.github.com/repos/amuzhichenko/2test2/compare/{base}...{head}"
                    },
                    {
                      "k": "contents_url",
                      "v": "https://api.github.com/repos/amuzhichenko/2test2/contents/{+path}"
                    },
                    {
                      "k": "contributors_url",
                      "v": "https://api.github.com/repos/amuzhichenko/2test2/contributors"
                    },
                    {
                      "k": "created_at",
                      "v": 1662302395.0
                    },
                    {
                      "k": "default_branch",
                      "v": "main"
                    },
                    {
                      "k": "deployments_url",
                      "v": "https://api.github.com/repos/amuzhichenko/2test2/deployments"
                    },
                    {
                      "k": "description",
                      "v": null
                    },
                    {
                      "k": "disabled",
                      "v": false
                    },
                    {
                      "k": "downloads_url",
                      "v": "https://api.github.com/repos/amuzhichenko/2test2/downloads"
                    },
                    {
                      "k": "events_url",
                      "v": "https://api.github.com/repos/amuzhichenko/2test2/events"
                    },
                    {
                      "k": "fork",
                      "v": false
                    },
                    {
                      "k": "forks",
                      "v": 0.0
                    },
                    {
                      "k": "forks_count",
                      "v": 0.0
                    },
                    {
                      "k": "forks_url",
                      "v": "https://api.github.com/repos/amuzhichenko/2test2/forks"
                    },
                    {
                      "k": "full_name",
                      "v": "amuzhichenko/2test2"
                    },
                    {
                      "k": "git_commits_url",
                      "v": "https://api.github.com/repos/amuzhichenko/2test2/git/commits{/sha}"
                    },
                    {
                      "k": "git_refs_url",
                      "v": "https://api.github.com/repos/amuzhichenko/2test2/git/refs{/sha}"
                    },
                    {
                      "k": "git_tags_url",
                      "v": "https://api.github.com/repos/amuzhichenko/2test2/git/tags{/sha}"
                    },
                    {
                      "k": "git_url",
                      "v": "git://github.com/amuzhichenko/2test2.git"
                    },
                    {
                      "k": "has_downloads",
                      "v": true
                    },
                    {
                      "k": "has_issues",
                      "v": true
                    },
                    {
                      "k": "has_pages",
                      "v": false
                    },
                    {
                      "k": "has_projects",
                      "v": true
                    },
                    {
                      "k": "has_wiki",
                      "v": true
                    },
                    {
                      "k": "homepage",
                      "v": null
                    },
                    {
                      "k": "hooks_url",
                      "v": "https://api.github.com/repos/amuzhichenko/2test2/hooks"
                    },
                    {
                      "k": "html_url",
                      "v": "https://github.com/amuzhichenko/2test2"
                    },
                    {
                      "k": "id",
                      "v": 532567042.0
                    },
                    {
                      "k": "is_template",
                      "v": false
                    },
                    {
                      "k": "issue_comment_url",
                      "v": "https://api.github.com/repos/amuzhichenko/2test2/issues/comments{/number}"
                    },
                    {
                      "k": "issue_events_url",
                      "v": "https://api.github.com/repos/amuzhichenko/2test2/issues/events{/number}"
                    },
                    {
                      "k": "issues_url",
                      "v": "https://api.github.com/repos/amuzhichenko/2test2/issues{/number}"
                    },
                    {
                      "k": "keys_url",
                      "v": "https://api.github.com/repos/amuzhichenko/2test2/keys{/key_id}"
                    },
                    {
                      "k": "labels_url",
                      "v": "https://api.github.com/repos/amuzhichenko/2test2/labels{/name}"
                    },
                    {
                      "k": "language",
                      "v": "JavaScript"
                    },
                    {
                      "k": "languages_url",
                      "v": "https://api.github.com/repos/amuzhichenko/2test2/languages"
                    },
                    {
                      "k": "license",
                      "v": null
                    },
                    {
                      "k": "master_branch",
                      "v": "main"
                    },
                    {
                      "k": "merges_url",
                      "v": "https://api.github.com/repos/amuzhichenko/2test2/merges"
                    },
                    {
                      "k": "milestones_url",
                      "v": "https://api.github.com/repos/amuzhichenko/2test2/milestones{/number}"
                    },
                    {
                      "k": "mirror_url",
                      "v": null
                    },
                    {
                      "k": "name",
                      "v": "2test2"
                    },
                    {
                      "k": "node_id",
                      "v": "R_kgDOH75UAg"
                    },
                    {
                      "k": "notifications_url",
                      "v": "https://api.github.com/repos/amuzhichenko/2test2/notifications{?since,all,participating}"
                    },
                    {
                      "k": "open_issues",
                      "v": 0.0
                    },
                    {
                      "k": "open_issues_count",
                      "v": 0.0
                    },
                    {
                      "k": "owner",
                      "v": {
                        "t": 2,
                        "d": [
                          {
                            "k": "avatar_url",
                            "v": "https://avatars.githubusercontent.com/u/61495795?v=4"
                          },
                          {
                            "k": "email",
                            "v": "61495795+amuzhichenko@users.noreply.github.com"
                          },
                          {
                            "k": "events_url",
                            "v": "https://api.github.com/users/amuzhichenko/events{/privacy}"
                          },
                          {
                            "k": "followers_url",
                            "v": "https://api.github.com/users/amuzhichenko/followers"
                          },
                          {
                            "k": "following_url",
                            "v": "https://api.github.com/users/amuzhichenko/following{/other_user}"
                          },
                          {
                            "k": "gists_url",
                            "v": "https://api.github.com/users/amuzhichenko/gists{/gist_id}"
                          },
                          {
                            "k": "gravatar_id",
                            "v": ""
                          },
                          {
                            "k": "html_url",
                            "v": "https://github.com/amuzhichenko"
                          },
                          {
                            "k": "id",
                            "v": 61495795.0
                          },
                          {
                            "k": "login",
                            "v": "amuzhichenko"
                          },
                          {
                            "k": "name",
                            "v": "amuzhichenko"
                          },
                          {
                            "k": "node_id",
                            "v": "MDQ6VXNlcjYxNDk1Nzk1"
                          },
                          {
                            "k": "organizations_url",
                            "v": "https://api.github.com/users/amuzhichenko/orgs"
                          },
                          {
                            "k": "received_events_url",
                            "v": "https://api.github.com/users/amuzhichenko/received_events"
                          },
                          {
                            "k": "repos_url",
                            "v": "https://api.github.com/users/amuzhichenko/repos"
                          },
                          {
                            "k": "site_admin",
                            "v": false
                          },
                          {
                            "k": "starred_url",
                            "v": "https://api.github.com/users/amuzhichenko/starred{/owner}{/repo}"
                          },
                          {
                            "k": "subscriptions_url",
                            "v": "https://api.github.com/users/amuzhichenko/subscriptions"
                          },
                          {
                            "k": "type",
                            "v": "User"
                          },
                          {
                            "k": "url",
                            "v": "https://api.github.com/users/amuzhichenko"
                          }
                        ]
                      }
                    },
                    {
                      "k": "private",
                      "v": false
                    },
                    {
                      "k": "pulls_url",
                      "v": "https://api.github.com/repos/amuzhichenko/2test2/pulls{/number}"
                    },
                    {
                      "k": "pushed_at",
                      "v": 1662366433.0
                    },
                    {
                      "k": "releases_url",
                      "v": "https://api.github.com/repos/amuzhichenko/2test2/releases{/id}"
                    },
                    {
                      "k": "size",
                      "v": 2.0
                    },
                    {
                      "k": "ssh_url",
                      "v": "git@github.com:amuzhichenko/2test2.git"
                    },
                    {
                      "k": "stargazers",
                      "v": 0.0
                    },
                    {
                      "k": "stargazers_count",
                      "v": 0.0
                    },
                    {
                      "k": "stargazers_url",
                      "v": "https://api.github.com/repos/amuzhichenko/2test2/stargazers"
                    },
                    {
                      "k": "statuses_url",
                      "v": "https://api.github.com/repos/amuzhichenko/2test2/statuses/{sha}"
                    },
                    {
                      "k": "subscribers_url",
                      "v": "https://api.github.com/repos/amuzhichenko/2test2/subscribers"
                    },
                    {
                      "k": "subscription_url",
                      "v": "https://api.github.com/repos/amuzhichenko/2test2/subscription"
                    },
                    {
                      "k": "svn_url",
                      "v": "https://github.com/amuzhichenko/2test2"
                    },
                    {
                      "k": "tags_url",
                      "v": "https://api.github.com/repos/amuzhichenko/2test2/tags"
                    },
                    {
                      "k": "teams_url",
                      "v": "https://api.github.com/repos/amuzhichenko/2test2/teams"
                    },
                    {
                      "k": "topics",
                      "v": {
                        "t": 1
                      }
                    },
                    {
                      "k": "trees_url",
                      "v": "https://api.github.com/repos/amuzhichenko/2test2/git/trees{/sha}"
                    },
                    {
                      "k": "updated_at",
                      "v": "2022-09-05T08:05:41Z"
                    },
                    {
                      "k": "url",
                      "v": "https://github.com/amuzhichenko/2test2"
                    },
                    {
                      "k": "visibility",
                      "v": "public"
                    },
                    {
                      "k": "watchers",
                      "v": 0.0
                    },
                    {
                      "k": "watchers_count",
                      "v": 0.0
                    },
                    {
                      "k": "web_commit_signoff_required",
                      "v": false
                    }
                  ]
                }
              },
              {
                "k": "sender",
                "v": {
                  "t": 2,
                  "d": [
                    {
                      "k": "avatar_url",
                      "v": "https://avatars.githubusercontent.com/u/61495795?v=4"
                    },
                    {
                      "k": "events_url",
                      "v": "https://api.github.com/users/amuzhichenko/events{/privacy}"
                    },
                    {
                      "k": "followers_url",
                      "v": "https://api.github.com/users/amuzhichenko/followers"
                    },
                    {
                      "k": "following_url",
                      "v": "https://api.github.com/users/amuzhichenko/following{/other_user}"
                    },
                    {
                      "k": "gists_url",
                      "v": "https://api.github.com/users/amuzhichenko/gists{/gist_id}"
                    },
                    {
                      "k": "gravatar_id",
                      "v": ""
                    },
                    {
                      "k": "html_url",
                      "v": "https://github.com/amuzhichenko"
                    },
                    {
                      "k": "id",
                      "v": 61495795.0
                    },
                    {
                      "k": "login",
                      "v": "amuzhichenko"
                    },
                    {
                      "k": "node_id",
                      "v": "MDQ6VXNlcjYxNDk1Nzk1"
                    },
                    {
                      "k": "organizations_url",
                      "v": "https://api.github.com/users/amuzhichenko/orgs"
                    },
                    {
                      "k": "received_events_url",
                      "v": "https://api.github.com/users/amuzhichenko/received_events"
                    },
                    {
                      "k": "repos_url",
                      "v": "https://api.github.com/users/amuzhichenko/repos"
                    },
                    {
                      "k": "site_admin",
                      "v": false
                    },
                    {
                      "k": "starred_url",
                      "v": "https://api.github.com/users/amuzhichenko/starred{/owner}{/repo}"
                    },
                    {
                      "k": "subscriptions_url",
                      "v": "https://api.github.com/users/amuzhichenko/subscriptions"
                    },
                    {
                      "k": "type",
                      "v": "User"
                    },
                    {
                      "k": "url",
                      "v": "https://api.github.com/users/amuzhichenko"
                    }
                  ]
                }
              }
            ]
          }
        },
        {
          "k": "server_url",
          "v": "https://github.com"
        },
        {
          "k": "api_url",
          "v": "https://api.github.com"
        },
        {
          "k": "graphql_url",
          "v": "https://api.github.com/graphql"
        },
        {
          "k": "ref_name",
          "v": "main"
        },
        {
          "k": "ref_protected",
          "v": false
        },
        {
          "k": "ref_type",
          "v": "branch"
        },
        {
          "k": "secret_source",
          "v": "Actions"
        }
      ]
    },
    "needs": {
      "t": 2
    },
    "inputs": {
      "t": 2
    },
    "matrix": {
      "t": 2,
      "d": [
        {
          "k": "check-sites",
          "v": "github.com"
        }
      ]
    },
    "strategy": {
      "t": 2,
      "d": [
        {
          "k": "fail-fast",
          "v": true
        },
        {
          "k": "job-index",
          "v": 2.0
        },
        {
          "k": "job-total",
          "v": 3.0
        },
        {
          "k": "max-parallel",
          "v": 3.0
        }
      ]
    }
  }
}
[2022-09-05 08:27:21Z INFO JobRunner] Job ID 7222584d-8208-5865-6f16-10afbb72b1da
[2022-09-05 08:27:21Z INFO JobRunner] Creating job server with URL: https://pipelines.actions.githubusercontent.com/wFr44QatRczz1iYGfPSOv8Dpj9PMrLFo0lk6MSHAMLkrjsn24s/
[2022-09-05 08:27:21Z INFO ConfigurationStore] currentAssemblyLocation: /home/alex/gitops/2test2/actions-runner/bin/Runner.Worker.dll
[2022-09-05 08:27:21Z INFO HostContext] Well known directory 'Bin': '/home/alex/gitops/2test2/actions-runner/bin'
[2022-09-05 08:27:21Z INFO ConfigurationStore] binPath: /home/alex/gitops/2test2/actions-runner/bin
[2022-09-05 08:27:21Z INFO HostContext] Well known directory 'Bin': '/home/alex/gitops/2test2/actions-runner/bin'
[2022-09-05 08:27:21Z INFO HostContext] Well known directory 'Root': '/home/alex/gitops/2test2/actions-runner'
[2022-09-05 08:27:21Z INFO ConfigurationStore] RootFolder: /home/alex/gitops/2test2/actions-runner
[2022-09-05 08:27:21Z INFO HostContext] Well known directory 'Bin': '/home/alex/gitops/2test2/actions-runner/bin'
[2022-09-05 08:27:21Z INFO HostContext] Well known directory 'Root': '/home/alex/gitops/2test2/actions-runner'
[2022-09-05 08:27:21Z INFO HostContext] Well known config file 'Runner': '/home/alex/gitops/2test2/actions-runner/.runner'
[2022-09-05 08:27:21Z INFO ConfigurationStore] ConfigFilePath: /home/alex/gitops/2test2/actions-runner/.runner
[2022-09-05 08:27:21Z INFO HostContext] Well known directory 'Bin': '/home/alex/gitops/2test2/actions-runner/bin'
[2022-09-05 08:27:21Z INFO HostContext] Well known directory 'Root': '/home/alex/gitops/2test2/actions-runner'
[2022-09-05 08:27:21Z INFO HostContext] Well known config file 'Credentials': '/home/alex/gitops/2test2/actions-runner/.credentials'
[2022-09-05 08:27:21Z INFO ConfigurationStore] CredFilePath: /home/alex/gitops/2test2/actions-runner/.credentials
[2022-09-05 08:27:21Z INFO HostContext] Well known directory 'Bin': '/home/alex/gitops/2test2/actions-runner/bin'
[2022-09-05 08:27:21Z INFO HostContext] Well known directory 'Root': '/home/alex/gitops/2test2/actions-runner'
[2022-09-05 08:27:21Z INFO HostContext] Well known config file 'MigratedCredentials': '/home/alex/gitops/2test2/actions-runner/.credentials_migrated'
[2022-09-05 08:27:21Z INFO ConfigurationStore] MigratedCredFilePath: /home/alex/gitops/2test2/actions-runner/.credentials_migrated
[2022-09-05 08:27:21Z INFO HostContext] Well known directory 'Bin': '/home/alex/gitops/2test2/actions-runner/bin'
[2022-09-05 08:27:21Z INFO HostContext] Well known directory 'Root': '/home/alex/gitops/2test2/actions-runner'
[2022-09-05 08:27:21Z INFO HostContext] Well known config file 'Service': '/home/alex/gitops/2test2/actions-runner/.service'
[2022-09-05 08:27:21Z INFO ConfigurationStore] ServiceConfigFilePath: /home/alex/gitops/2test2/actions-runner/.service
[2022-09-05 08:27:21Z INFO ConfigurationStore] Read setting file: 284 chars
[2022-09-05 08:27:21Z INFO GitHubActionsService] Starting operation Location.GetConnectionData
[2022-09-05 08:27:21Z INFO Worker] Listening for cancel message from the channel.
[2022-09-05 08:27:21Z INFO Worker] Waiting for the job to complete or for a cancel message from the channel.
[2022-09-05 08:27:22Z INFO GitHubActionsService] Finished operation Location.GetConnectionData
[2022-09-05 08:27:22Z INFO JobServer] Creating websocket client ...wss://pipelines.actions.githubusercontent.com/wFr44QatRczz1iYGfPSOv8Dpj9PMrLFo0lk6MSHAMLkrjsn24s/00000000-0000-0000-0000-000000000000/_apis/distributedtask/hubs/Actions/plans/5fe09b3c-41c3-4fc1-a80f-a141d46aa005/timelines/5fe09b3c-41c3-4fc1-a80f-a141d46aa005/records/7222584d-8208-5865-6f16-10afbb72b1da/feedstream?api-version=6.0-preview
[2022-09-05 08:27:22Z INFO JobServer] Attempting to start websocket client with delay 00:00:00.
[2022-09-05 08:27:22Z INFO JobServerQueue] Start process web console line queue.
[2022-09-05 08:27:22Z INFO JobServerQueue] Start process file upload queue.
[2022-09-05 08:27:22Z INFO JobServerQueue] Start process timeline update queue.
[2022-09-05 08:27:22Z INFO ExecutionContext] Initialize GitHub context
[2022-09-05 08:27:22Z INFO ExecutionContext] Initialize Env context
[2022-09-05 08:27:22Z INFO HostContext] Well known directory 'Bin': '/home/alex/gitops/2test2/actions-runner/bin'
[2022-09-05 08:27:22Z INFO HostContext] Well known directory 'Root': '/home/alex/gitops/2test2/actions-runner'
[2022-09-05 08:27:22Z INFO HostContext] Well known directory 'Diag': '/home/alex/gitops/2test2/actions-runner/_diag'
[2022-09-05 08:27:22Z INFO JobRunner] Starting the job execution context.
[2022-09-05 08:27:22Z INFO HostContext] Well known directory 'Bin': '/home/alex/gitops/2test2/actions-runner/bin'
[2022-09-05 08:27:22Z INFO HostContext] Well known directory 'Root': '/home/alex/gitops/2test2/actions-runner'
[2022-09-05 08:27:22Z INFO HostContext] Well known directory 'Work': '/home/alex/gitops/2test2/actions-runner/_work'
[2022-09-05 08:27:22Z INFO JobRunner] Validating directory permissions for: '/home/alex/gitops/2test2/actions-runner/_work'
[2022-09-05 08:27:22Z INFO HostContext] Well known directory 'Bin': '/home/alex/gitops/2test2/actions-runner/bin'
[2022-09-05 08:27:22Z INFO HostContext] Well known directory 'Root': '/home/alex/gitops/2test2/actions-runner'
[2022-09-05 08:27:22Z INFO HostContext] Well known directory 'Work': '/home/alex/gitops/2test2/actions-runner/_work'
[2022-09-05 08:27:22Z INFO HostContext] Well known directory 'Tools': '/home/alex/gitops/2test2/actions-runner/_work/_tool'
[2022-09-05 08:27:22Z INFO HostContext] Well known directory 'Bin': '/home/alex/gitops/2test2/actions-runner/bin'
[2022-09-05 08:27:22Z INFO HostContext] Well known directory 'Root': '/home/alex/gitops/2test2/actions-runner'
[2022-09-05 08:27:22Z INFO HostContext] Well known directory 'Work': '/home/alex/gitops/2test2/actions-runner/_work'
[2022-09-05 08:27:22Z INFO HostContext] Well known directory 'Temp': '/home/alex/gitops/2test2/actions-runner/_work/_temp'
[2022-09-05 08:27:22Z INFO JobRunner] Getting job extension.
[2022-09-05 08:27:22Z INFO JobRunner] Initialize job. Getting all job steps.
[2022-09-05 08:27:22Z INFO HostContext] Well known directory 'Bin': '/home/alex/gitops/2test2/actions-runner/bin'
[2022-09-05 08:27:22Z INFO HostContext] Well known directory 'Root': '/home/alex/gitops/2test2/actions-runner'
[2022-09-05 08:27:22Z INFO HostContext] Well known directory 'Diag': '/home/alex/gitops/2test2/actions-runner/_diag'
[2022-09-05 08:27:22Z INFO HostContext] Well known directory 'Bin': '/home/alex/gitops/2test2/actions-runner/bin'
[2022-09-05 08:27:22Z INFO HostContext] Well known directory 'Root': '/home/alex/gitops/2test2/actions-runner'
[2022-09-05 08:27:22Z INFO HostContext] Well known config file 'Credentials': '/home/alex/gitops/2test2/actions-runner/.credentials'
[2022-09-05 08:27:22Z INFO HostContext] Well known directory 'Bin': '/home/alex/gitops/2test2/actions-runner/bin'
[2022-09-05 08:27:22Z INFO HostContext] Well known directory 'Root': '/home/alex/gitops/2test2/actions-runner'
[2022-09-05 08:27:22Z INFO HostContext] Well known config file 'SetupInfo': '/home/alex/gitops/2test2/actions-runner/.setup_info'
[2022-09-05 08:27:22Z INFO HostContext] Well known directory 'Bin': '/home/alex/gitops/2test2/actions-runner/bin'
[2022-09-05 08:27:22Z INFO HostContext] Well known directory 'Root': '/home/alex/gitops/2test2/actions-runner'
[2022-09-05 08:27:22Z INFO HostContext] Well known directory 'Work': '/home/alex/gitops/2test2/actions-runner/_work'
[2022-09-05 08:27:22Z INFO PipelineDirectoryManager] Loading tracking config if exists: /home/alex/gitops/2test2/actions-runner/_work/_PipelineMapping/amuzhichenko/2test2/PipelineFolder.json
[2022-09-05 08:27:22Z INFO PipelineDirectoryManager] Updating job run properties.
[2022-09-05 08:27:22Z INFO HostContext] Well known directory 'Bin': '/home/alex/gitops/2test2/actions-runner/bin'
[2022-09-05 08:27:22Z INFO HostContext] Well known directory 'Root': '/home/alex/gitops/2test2/actions-runner'
[2022-09-05 08:27:22Z INFO HostContext] Well known directory 'Work': '/home/alex/gitops/2test2/actions-runner/_work'
[2022-09-05 08:27:22Z INFO HostContext] Well known directory 'Bin': '/home/alex/gitops/2test2/actions-runner/bin'
[2022-09-05 08:27:22Z INFO HostContext] Well known directory 'Root': '/home/alex/gitops/2test2/actions-runner'
[2022-09-05 08:27:22Z INFO HostContext] Well known directory 'Work': '/home/alex/gitops/2test2/actions-runner/_work'
[2022-09-05 08:27:22Z INFO HostContext] Well known directory 'Bin': '/home/alex/gitops/2test2/actions-runner/bin'
[2022-09-05 08:27:22Z INFO HostContext] Well known directory 'Root': '/home/alex/gitops/2test2/actions-runner'
[2022-09-05 08:27:22Z INFO HostContext] Well known directory 'Work': '/home/alex/gitops/2test2/actions-runner/_work'
[2022-09-05 08:27:22Z INFO JobExtension] Downloading actions
[2022-09-05 08:27:22Z INFO HostContext] Well known directory 'Bin': '/home/alex/gitops/2test2/actions-runner/bin'
[2022-09-05 08:27:22Z INFO HostContext] Well known directory 'Root': '/home/alex/gitops/2test2/actions-runner'
[2022-09-05 08:27:22Z INFO HostContext] Well known directory 'Work': '/home/alex/gitops/2test2/actions-runner/_work'
[2022-09-05 08:27:22Z INFO HostContext] Well known directory 'Actions': '/home/alex/gitops/2test2/actions-runner/_work/_actions'
[2022-09-05 08:27:22Z INFO HostContext] Well known directory 'Bin': '/home/alex/gitops/2test2/actions-runner/bin'
[2022-09-05 08:27:22Z INFO HostContext] Well known directory 'Root': '/home/alex/gitops/2test2/actions-runner'
[2022-09-05 08:27:22Z INFO HostContext] Well known directory 'Work': '/home/alex/gitops/2test2/actions-runner/_work'
[2022-09-05 08:27:22Z INFO HostContext] Well known directory 'Actions': '/home/alex/gitops/2test2/actions-runner/_work/_actions'
[2022-09-05 08:27:22Z INFO HostContext] Well known directory 'Bin': '/home/alex/gitops/2test2/actions-runner/bin'
[2022-09-05 08:27:22Z INFO HostContext] Well known directory 'Root': '/home/alex/gitops/2test2/actions-runner'
[2022-09-05 08:27:22Z INFO HostContext] Well known directory 'Work': '/home/alex/gitops/2test2/actions-runner/_work'
[2022-09-05 08:27:22Z INFO HostContext] Well known directory 'Actions': '/home/alex/gitops/2test2/actions-runner/_work/_actions'
[2022-09-05 08:27:22Z INFO ActionManager] Save archive 'https://api.github.com/repos/actions/upload-artifact/tarball/82c141cc518b40d92cc801eee768e7aafc9c2fa2' into /home/alex/gitops/2test2/actions-runner/_work/_actions/_temp_62f1b00f-dd59-40ed-83ef-d48b69e0e89c/37cec7f3-f45e-466e-b3b0-3338a57bb3de.tar.gz.
[2022-09-05 08:27:23Z INFO JobServerQueue] Job timeline record has been updated for the first time.
[2022-09-05 08:27:23Z INFO JobServer] Successfully started websocket client.
[2022-09-05 08:27:23Z INFO JobServerQueue] Try to append 1 batches web console lines for record '5b10459c-4db9-48bb-8021-a5f7892dae2a', success rate: 1/1.
[2022-09-05 08:27:23Z INFO JobServerQueue] Try to append 1 batches web console lines for record '5b10459c-4db9-48bb-8021-a5f7892dae2a', success rate: 1/1.
[2022-09-05 08:27:23Z INFO ActionManager] Which: 'tar'
[2022-09-05 08:27:23Z INFO ActionManager] Location: '/usr/bin/tar'
[2022-09-05 08:27:23Z INFO ProcessInvokerWrapper] Starting process:
[2022-09-05 08:27:23Z INFO ProcessInvokerWrapper]   File name: '/usr/bin/tar'
[2022-09-05 08:27:23Z INFO ProcessInvokerWrapper]   Arguments: '-xzf "/home/alex/gitops/2test2/actions-runner/_work/_actions/_temp_62f1b00f-dd59-40ed-83ef-d48b69e0e89c/37cec7f3-f45e-466e-b3b0-3338a57bb3de.tar.gz"'
[2022-09-05 08:27:23Z INFO ProcessInvokerWrapper]   Working directory: '/home/alex/gitops/2test2/actions-runner/_work/_actions/_temp_62f1b00f-dd59-40ed-83ef-d48b69e0e89c/_staging'
[2022-09-05 08:27:23Z INFO ProcessInvokerWrapper]   Require exit code zero: 'False'
[2022-09-05 08:27:23Z INFO ProcessInvokerWrapper]   Encoding web name:  ; code page: ''
[2022-09-05 08:27:23Z INFO ProcessInvokerWrapper]   Force kill process on cancellation: 'False'
[2022-09-05 08:27:23Z INFO ProcessInvokerWrapper]   Redirected STDIN: 'False'
[2022-09-05 08:27:23Z INFO ProcessInvokerWrapper]   Persist current code page: 'False'
[2022-09-05 08:27:23Z INFO ProcessInvokerWrapper]   Keep redirected STDIN open: 'False'
[2022-09-05 08:27:23Z INFO ProcessInvokerWrapper]   High priority process: 'False'
[2022-09-05 08:27:23Z INFO ProcessInvokerWrapper] Updated oom_score_adj to 500 for PID: 11359.
[2022-09-05 08:27:23Z INFO ProcessInvokerWrapper] Process started with process id 11359, waiting for process exit.
[2022-09-05 08:27:23Z INFO ProcessInvokerWrapper] STDOUT/STDERR stream read finished.
[2022-09-05 08:27:23Z INFO ProcessInvokerWrapper] STDOUT/STDERR stream read finished.
[2022-09-05 08:27:23Z INFO ProcessInvokerWrapper] Finished process 11359 with exit code 0, and elapsed time 00:00:00.0204968.
[2022-09-05 08:27:23Z INFO ActionManager] Finished getting action repository.
[2022-09-05 08:27:23Z INFO HostContext] Well known directory 'Bin': '/home/alex/gitops/2test2/actions-runner/bin'
[2022-09-05 08:27:23Z INFO HostContext] Well known directory 'Root': '/home/alex/gitops/2test2/actions-runner'
[2022-09-05 08:27:23Z INFO HostContext] Well known directory 'Work': '/home/alex/gitops/2test2/actions-runner/_work'
[2022-09-05 08:27:23Z INFO HostContext] Well known directory 'Actions': '/home/alex/gitops/2test2/actions-runner/_work/_actions'
[2022-09-05 08:27:23Z INFO ActionManifestManager] Load schema file with definitions: [
  "null",
  "boolean",
  "number",
  "string",
  "sequence",
  "mapping",
  "any",
  "action-root",
  "inputs",
  "input",
  "outputs",
  "output-definition",
  "runs",
  "container-runs",
  "container-runs-args",
  "container-runs-env",
  "node-runs",
  "plugin-runs",
  "composite-runs",
  "composite-steps",
  "composite-step",
  "run-step",
  "uses-step",
  "container-runs-context",
  "output-value",
  "input-default-context",
  "non-empty-string",
  "string-steps-context",
  "boolean-steps-context",
  "step-env",
  "step-if",
  "step-with"
]
[2022-09-05 08:27:23Z INFO HostContext] Well known directory 'Bin': '/home/alex/gitops/2test2/actions-runner/bin'
[2022-09-05 08:27:23Z INFO HostContext] Well known directory 'Root': '/home/alex/gitops/2test2/actions-runner'
[2022-09-05 08:27:23Z INFO HostContext] Well known directory 'Work': '/home/alex/gitops/2test2/actions-runner/_work'
[2022-09-05 08:27:23Z INFO HostContext] Well known directory 'Actions': '/home/alex/gitops/2test2/actions-runner/_work/_actions'
[2022-09-05 08:27:23Z INFO ActionManifestManager] Ignore action property author.
[2022-09-05 08:27:23Z INFO ActionManifestManager] Loaded action.yml file: {
  "name": "Upload a Build Artifact",
  "description": "Upload a build artifact that can be used by subsequent workflow steps",
  "inputs": {
    "type": 2,
    "map": [
      {
        "key": {
          "type": 0,
          "file": 2,
          "line": 5,
          "col": 3,
          "lit": "name"
        },
        "value": {
          "type": 0,
          "file": 2,
          "line": 7,
          "col": 14,
          "lit": "artifact"
        }
      },
      {
        "key": {
          "type": 0,
          "file": 2,
          "line": 8,
          "col": 3,
          "lit": "path"
        },
        "value": ""
      },
      {
        "key": {
          "type": 0,
          "file": 2,
          "line": 11,
          "col": 3,
          "lit": "if-no-files-found"
        },
        "value": {
          "type": 0,
          "file": 2,
          "line": 19,
          "col": 14,
          "lit": "warn"
        }
      },
      {
        "key": {
          "type": 0,
          "file": 2,
          "line": 20,
          "col": 3,
          "lit": "retention-days"
        },
        "value": ""
      }
    ]
  },
  "execution": {
    "executionType": "nodeJS",
    "hasPre": false,
    "hasPost": false,
    "script": "dist/index.js",
    "pre": null,
    "post": null,
    "nodeVersion": "node12",
    "cleanupCondition": "always()",
    "initCondition": "always()"
  },
  "deprecated": null
}
[2022-09-05 08:27:23Z INFO ActionManager] Action node.js file: dist/index.js, no more preparation.
[2022-09-05 08:27:23Z INFO HostContext] Well known directory 'Bin': '/home/alex/gitops/2test2/actions-runner/bin'
[2022-09-05 08:27:23Z INFO HostContext] Well known directory 'Root': '/home/alex/gitops/2test2/actions-runner'
[2022-09-05 08:27:23Z INFO HostContext] Well known directory 'Work': '/home/alex/gitops/2test2/actions-runner/_work'
[2022-09-05 08:27:23Z INFO HostContext] Well known directory 'Actions': '/home/alex/gitops/2test2/actions-runner/_work/_actions'
[2022-09-05 08:27:23Z INFO ActionManager] Load action that reference repository from '/home/alex/gitops/2test2/actions-runner/_work/_actions/actions/upload-artifact/v2'
[2022-09-05 08:27:23Z INFO HostContext] Well known directory 'Bin': '/home/alex/gitops/2test2/actions-runner/bin'
[2022-09-05 08:27:23Z INFO HostContext] Well known directory 'Root': '/home/alex/gitops/2test2/actions-runner'
[2022-09-05 08:27:23Z INFO HostContext] Well known directory 'Work': '/home/alex/gitops/2test2/actions-runner/_work'
[2022-09-05 08:27:23Z INFO HostContext] Well known directory 'Actions': '/home/alex/gitops/2test2/actions-runner/_work/_actions'
[2022-09-05 08:27:23Z INFO ActionManifestManager] Ignore action property author.
[2022-09-05 08:27:23Z INFO ActionManifestManager] Loaded action.yml file: {
  "name": "Upload a Build Artifact",
  "description": "Upload a build artifact that can be used by subsequent workflow steps",
  "inputs": {
    "type": 2,
    "map": [
      {
        "key": {
          "type": 0,
          "file": 2,
          "line": 5,
          "col": 3,
          "lit": "name"
        },
        "value": {
          "type": 0,
          "file": 2,
          "line": 7,
          "col": 14,
          "lit": "artifact"
        }
      },
      {
        "key": {
          "type": 0,
          "file": 2,
          "line": 8,
          "col": 3,
          "lit": "path"
        },
        "value": ""
      },
      {
        "key": {
          "type": 0,
          "file": 2,
          "line": 11,
          "col": 3,
          "lit": "if-no-files-found"
        },
        "value": {
          "type": 0,
          "file": 2,
          "line": 19,
          "col": 14,
          "lit": "warn"
        }
      },
      {
        "key": {
          "type": 0,
          "file": 2,
          "line": 20,
          "col": 3,
          "lit": "retention-days"
        },
        "value": ""
      }
    ]
  },
  "execution": {
    "executionType": "nodeJS",
    "hasPre": false,
    "hasPost": false,
    "script": "dist/index.js",
    "pre": null,
    "post": null,
    "nodeVersion": "node12",
    "cleanupCondition": "always()",
    "initCondition": "always()"
  },
  "deprecated": null
}
[2022-09-05 08:27:23Z INFO ActionManager] Action pre node.js file: N/A.
[2022-09-05 08:27:23Z INFO ActionManager] Action node.js file: dist/index.js.
[2022-09-05 08:27:23Z INFO ActionManager] Action post node.js file: N/A.
[2022-09-05 08:27:23Z INFO JobExtension] Adding .
[2022-09-05 08:27:23Z INFO JobExtension] Adding .
[2022-09-05 08:27:23Z INFO JobExtension] Adding .
[2022-09-05 08:27:23Z INFO JobExtension] Adding .
[2022-09-05 08:27:23Z INFO HostContext] Well known directory 'Bin': '/home/alex/gitops/2test2/actions-runner/bin'
[2022-09-05 08:27:23Z INFO HostContext] Well known directory 'Root': '/home/alex/gitops/2test2/actions-runner'
[2022-09-05 08:27:23Z INFO HostContext] Well known directory 'Diag': '/home/alex/gitops/2test2/actions-runner/_diag'
[2022-09-05 08:27:23Z INFO HostContext] Well known directory 'Bin': '/home/alex/gitops/2test2/actions-runner/bin'
[2022-09-05 08:27:23Z INFO HostContext] Well known directory 'Root': '/home/alex/gitops/2test2/actions-runner'
[2022-09-05 08:27:23Z INFO HostContext] Well known directory 'Diag': '/home/alex/gitops/2test2/actions-runner/_diag'
[2022-09-05 08:27:23Z INFO HostContext] Well known directory 'Bin': '/home/alex/gitops/2test2/actions-runner/bin'
[2022-09-05 08:27:23Z INFO HostContext] Well known directory 'Root': '/home/alex/gitops/2test2/actions-runner'
[2022-09-05 08:27:23Z INFO HostContext] Well known directory 'Diag': '/home/alex/gitops/2test2/actions-runner/_diag'
[2022-09-05 08:27:23Z INFO HostContext] Well known directory 'Bin': '/home/alex/gitops/2test2/actions-runner/bin'
[2022-09-05 08:27:23Z INFO HostContext] Well known directory 'Root': '/home/alex/gitops/2test2/actions-runner'
[2022-09-05 08:27:23Z INFO HostContext] Well known directory 'Diag': '/home/alex/gitops/2test2/actions-runner/_diag'
[2022-09-05 08:27:23Z INFO JobExtension] Total accessible running process: 148.
[2022-09-05 08:27:23Z INFO HostContext] Well known directory 'Bin': '/home/alex/gitops/2test2/actions-runner/bin'
[2022-09-05 08:27:23Z INFO HostContext] Well known directory 'Root': '/home/alex/gitops/2test2/actions-runner'
[2022-09-05 08:27:23Z INFO HostContext] Well known directory 'Work': '/home/alex/gitops/2test2/actions-runner/_work'
[2022-09-05 08:27:23Z INFO ExecutionContext] Publish step telemetry for current step {
  "action": "setup_job",
  "type": "runner",
  "stage": "Pre",
  "stepId": "5b10459c-4db9-48bb-8021-a5f7892dae2a",
  "result": "succeeded",
  "errorMessages": [],
  "executionTimeInSeconds": 2,
  "startTime": "2022-09-05T08:27:22.434417Z",
  "finishTime": "2022-09-05T08:27:23.98453Z"
}.
[2022-09-05 08:27:23Z INFO JobRunner] Total job steps: 4.
[2022-09-05 08:27:23Z INFO JobRunner] Run all job steps.
[2022-09-05 08:27:24Z INFO StepsRunner] Processing step: DisplayName='Install netcat'
[2022-09-05 08:27:24Z INFO StepsRunner] Evaluating: success()
[2022-09-05 08:27:24Z INFO StepsRunner] Result: true
[2022-09-05 08:27:24Z INFO StepsRunner] Starting the step.
[2022-09-05 08:27:24Z INFO HostContext] Well known directory 'Bin': '/home/alex/gitops/2test2/actions-runner/bin'
[2022-09-05 08:27:24Z INFO HostContext] Well known directory 'Root': '/home/alex/gitops/2test2/actions-runner'
[2022-09-05 08:27:24Z INFO HostContext] Well known directory 'Work': '/home/alex/gitops/2test2/actions-runner/_work'
[2022-09-05 08:27:24Z INFO HostContext] Well known directory 'Temp': '/home/alex/gitops/2test2/actions-runner/_work/_temp'
[2022-09-05 08:27:24Z INFO ExecutionContext] Write event payload to /home/alex/gitops/2test2/actions-runner/_work/_temp/_github_workflow/event.json
[2022-09-05 08:27:24Z INFO HostContext] Well known directory 'Bin': '/home/alex/gitops/2test2/actions-runner/bin'
[2022-09-05 08:27:24Z INFO HostContext] Well known directory 'Root': '/home/alex/gitops/2test2/actions-runner'
[2022-09-05 08:27:24Z INFO HostContext] Well known directory 'Work': '/home/alex/gitops/2test2/actions-runner/_work'
[2022-09-05 08:27:24Z INFO HostContext] Well known directory 'Temp': '/home/alex/gitops/2test2/actions-runner/_work/_temp'
[2022-09-05 08:27:24Z INFO ExtensionManager] Getting extensions for interface: 'GitHub.Runner.Worker.IFileCommandExtension'
[2022-09-05 08:27:24Z INFO ExtensionManager] Creating instance: GitHub.Runner.Worker.AddPathFileCommand, Runner.Worker
[2022-09-05 08:27:24Z INFO ExtensionManager] Creating instance: GitHub.Runner.Worker.SetEnvFileCommand, Runner.Worker
[2022-09-05 08:27:24Z INFO ExtensionManager] Creating instance: GitHub.Runner.Worker.CreateStepSummaryCommand, Runner.Worker
[2022-09-05 08:27:24Z INFO ExtensionManager] Getting extensions for interface: 'GitHub.Runner.Worker.IActionCommandExtension'
[2022-09-05 08:27:24Z INFO ExtensionManager] Creating instance: GitHub.Runner.Worker.InternalPluginSetRepoPathCommandExtension, Runner.Worker
[2022-09-05 08:27:24Z INFO ExtensionManager] Creating instance: GitHub.Runner.Worker.SetEnvCommandExtension, Runner.Worker
[2022-09-05 08:27:24Z INFO ExtensionManager] Creating instance: GitHub.Runner.Worker.SetOutputCommandExtension, Runner.Worker
[2022-09-05 08:27:24Z INFO ExtensionManager] Creating instance: GitHub.Runner.Worker.SaveStateCommandExtension, Runner.Worker
[2022-09-05 08:27:24Z INFO ExtensionManager] Creating instance: GitHub.Runner.Worker.AddPathCommandExtension, Runner.Worker
[2022-09-05 08:27:24Z INFO ExtensionManager] Creating instance: GitHub.Runner.Worker.AddMaskCommandExtension, Runner.Worker
[2022-09-05 08:27:24Z INFO ExtensionManager] Creating instance: GitHub.Runner.Worker.AddMatcherCommandExtension, Runner.Worker
[2022-09-05 08:27:24Z INFO ExtensionManager] Creating instance: GitHub.Runner.Worker.RemoveMatcherCommandExtension, Runner.Worker
[2022-09-05 08:27:24Z INFO ExtensionManager] Creating instance: GitHub.Runner.Worker.WarningCommandExtension, Runner.Worker
[2022-09-05 08:27:24Z INFO ExtensionManager] Creating instance: GitHub.Runner.Worker.ErrorCommandExtension, Runner.Worker
[2022-09-05 08:27:24Z INFO ExtensionManager] Creating instance: GitHub.Runner.Worker.NoticeCommandExtension, Runner.Worker
[2022-09-05 08:27:24Z INFO ExtensionManager] Creating instance: GitHub.Runner.Worker.DebugCommandExtension, Runner.Worker
[2022-09-05 08:27:24Z INFO ExtensionManager] Creating instance: GitHub.Runner.Worker.GroupCommandExtension, Runner.Worker
[2022-09-05 08:27:24Z INFO ExtensionManager] Creating instance: GitHub.Runner.Worker.EndGroupCommandExtension, Runner.Worker
[2022-09-05 08:27:24Z INFO ExtensionManager] Creating instance: GitHub.Runner.Worker.EchoCommandExtension, Runner.Worker
[2022-09-05 08:27:24Z INFO ActionCommandManager] Register action command extension for command internal-set-repo-path
[2022-09-05 08:27:24Z INFO ActionCommandManager] Register action command extension for command set-env
[2022-09-05 08:27:24Z INFO ActionCommandManager] Register action command extension for command set-output
[2022-09-05 08:27:24Z INFO ActionCommandManager] Register action command extension for command save-state
[2022-09-05 08:27:24Z INFO ActionCommandManager] Register action command extension for command add-path
[2022-09-05 08:27:24Z INFO ActionCommandManager] Register action command extension for command add-mask
[2022-09-05 08:27:24Z INFO ActionCommandManager] Register action command extension for command add-matcher
[2022-09-05 08:27:24Z INFO ActionCommandManager] Register action command extension for command remove-matcher
[2022-09-05 08:27:24Z INFO ActionCommandManager] Register action command extension for command warning
[2022-09-05 08:27:24Z INFO ActionCommandManager] Register action command extension for command error
[2022-09-05 08:27:24Z INFO ActionCommandManager] Register action command extension for command notice
[2022-09-05 08:27:24Z INFO ActionCommandManager] Register action command extension for command debug
[2022-09-05 08:27:24Z INFO ActionCommandManager] Register action command extension for command group
[2022-09-05 08:27:24Z INFO ActionCommandManager] Register action command extension for command endgroup
[2022-09-05 08:27:24Z INFO ActionCommandManager] Register action command extension for command echo
[2022-09-05 08:27:24Z INFO ScriptHandler] Which: 'bash'
[2022-09-05 08:27:24Z INFO ScriptHandler] Location: '/usr/bin/bash'
[2022-09-05 08:27:24Z INFO HostContext] Well known directory 'Bin': '/home/alex/gitops/2test2/actions-runner/bin'
[2022-09-05 08:27:24Z INFO HostContext] Well known directory 'Root': '/home/alex/gitops/2test2/actions-runner'
[2022-09-05 08:27:24Z INFO HostContext] Well known directory 'Work': '/home/alex/gitops/2test2/actions-runner/_work'
[2022-09-05 08:27:24Z INFO HostContext] Well known directory 'Temp': '/home/alex/gitops/2test2/actions-runner/_work/_temp'
[2022-09-05 08:27:24Z INFO ScriptHandler] Which: 'bash'
[2022-09-05 08:27:24Z INFO ScriptHandler] Location: '/usr/bin/bash'
[2022-09-05 08:27:24Z INFO ProcessInvokerWrapper] Starting process:
[2022-09-05 08:27:24Z INFO ProcessInvokerWrapper]   File name: '/usr/bin/bash'
[2022-09-05 08:27:24Z INFO ProcessInvokerWrapper]   Arguments: '-e /home/alex/gitops/2test2/actions-runner/_work/_temp/f23b2699-87e0-42b5-8a2a-c9e2f96d5767.sh'
[2022-09-05 08:27:24Z INFO ProcessInvokerWrapper]   Working directory: '/home/alex/gitops/2test2/actions-runner/_work/2test2/2test2'
[2022-09-05 08:27:24Z INFO ProcessInvokerWrapper]   Require exit code zero: 'False'
[2022-09-05 08:27:24Z INFO ProcessInvokerWrapper]   Encoding web name:  ; code page: ''
[2022-09-05 08:27:24Z INFO ProcessInvokerWrapper]   Force kill process on cancellation: 'False'
[2022-09-05 08:27:24Z INFO ProcessInvokerWrapper]   Redirected STDIN: 'False'
[2022-09-05 08:27:24Z INFO ProcessInvokerWrapper]   Persist current code page: 'False'
[2022-09-05 08:27:24Z INFO ProcessInvokerWrapper]   Keep redirected STDIN open: 'False'
[2022-09-05 08:27:24Z INFO ProcessInvokerWrapper]   High priority process: 'False'
[2022-09-05 08:27:24Z INFO ProcessInvokerWrapper] Updated oom_score_adj to 500 for PID: 11362.
[2022-09-05 08:27:24Z INFO ProcessInvokerWrapper] Process started with process id 11362, waiting for process exit.
[2022-09-05 08:27:24Z INFO JobServerQueue] Try to append 1 batches web console lines for record 'b06ad0ab-f8fe-51d6-fb65-2eb135b04ced', success rate: 1/1.
[2022-09-05 08:27:25Z INFO JobServerQueue] Try to upload 1 log files or attachments, success rate: 1/1.
[2022-09-05 08:27:25Z INFO JobServerQueue] Try to append 1 batches web console lines for record 'b06ad0ab-f8fe-51d6-fb65-2eb135b04ced', success rate: 1/1.
[2022-09-05 08:27:26Z INFO JobServerQueue] Try to append 1 batches web console lines for record 'b06ad0ab-f8fe-51d6-fb65-2eb135b04ced', success rate: 1/1.
[2022-09-05 08:27:26Z INFO JobServerQueue] Try to append 1 batches web console lines for record 'b06ad0ab-f8fe-51d6-fb65-2eb135b04ced', success rate: 1/1.
[2022-09-05 08:27:26Z INFO JobServerQueue] Try to append 1 batches web console lines for record 'b06ad0ab-f8fe-51d6-fb65-2eb135b04ced', success rate: 1/1.
[2022-09-05 08:27:27Z INFO JobServerQueue] Try to append 1 batches web console lines for record 'b06ad0ab-f8fe-51d6-fb65-2eb135b04ced', success rate: 1/1.
[2022-09-05 08:27:27Z INFO ProcessInvokerWrapper] STDOUT/STDERR stream read finished.
[2022-09-05 08:27:27Z INFO ProcessInvokerWrapper] STDOUT/STDERR stream read finished.
[2022-09-05 08:27:27Z INFO ProcessInvokerWrapper] Finished process 11362 with exit code 0, and elapsed time 00:00:03.0740994.
[2022-09-05 08:27:27Z INFO CreateStepSummaryCommand] Step Summary file (/home/alex/gitops/2test2/actions-runner/_work/_temp/_runner_file_commands/step_summary_b2dafa88-1700-449d-b176-6d0bde0c67a7) is empty; skipping attachment upload
[2022-09-05 08:27:27Z INFO StepsRunner] Step result: 
[2022-09-05 08:27:27Z INFO ExecutionContext] Publish step telemetry for current step {
  "action": "sh",
  "type": "run",
  "stage": "Main",
  "stepId": "b06ad0ab-f8fe-51d6-fb65-2eb135b04ced",
  "stepContextName": "__run",
  "result": "succeeded",
  "errorMessages": [],
  "executionTimeInSeconds": 4,
  "startTime": "2022-09-05T08:27:24.0021329Z",
  "finishTime": "2022-09-05T08:27:27.1424539Z"
}.
[2022-09-05 08:27:27Z INFO StepsRunner] No need for updating job result with current step result 'Succeeded'.
[2022-09-05 08:27:27Z INFO StepsRunner] Current state: job state = ''
[2022-09-05 08:27:27Z INFO StepsRunner] Processing step: DisplayName='Run echo "netcat has been installed"'
[2022-09-05 08:27:27Z INFO StepsRunner] Evaluating: success()
[2022-09-05 08:27:27Z INFO StepsRunner] Result: true
[2022-09-05 08:27:27Z INFO StepsRunner] Starting the step.
[2022-09-05 08:27:27Z INFO HostContext] Well known directory 'Bin': '/home/alex/gitops/2test2/actions-runner/bin'
[2022-09-05 08:27:27Z INFO HostContext] Well known directory 'Root': '/home/alex/gitops/2test2/actions-runner'
[2022-09-05 08:27:27Z INFO HostContext] Well known directory 'Work': '/home/alex/gitops/2test2/actions-runner/_work'
[2022-09-05 08:27:27Z INFO HostContext] Well known directory 'Temp': '/home/alex/gitops/2test2/actions-runner/_work/_temp'
[2022-09-05 08:27:27Z INFO ExecutionContext] Write event payload to /home/alex/gitops/2test2/actions-runner/_work/_temp/_github_workflow/event.json
[2022-09-05 08:27:27Z INFO HostContext] Well known directory 'Bin': '/home/alex/gitops/2test2/actions-runner/bin'
[2022-09-05 08:27:27Z INFO HostContext] Well known directory 'Root': '/home/alex/gitops/2test2/actions-runner'
[2022-09-05 08:27:27Z INFO HostContext] Well known directory 'Work': '/home/alex/gitops/2test2/actions-runner/_work'
[2022-09-05 08:27:27Z INFO HostContext] Well known directory 'Temp': '/home/alex/gitops/2test2/actions-runner/_work/_temp'
[2022-09-05 08:27:27Z INFO ExtensionManager] Getting extensions for interface: 'GitHub.Runner.Worker.IFileCommandExtension'
[2022-09-05 08:27:27Z INFO ExtensionManager] Getting extensions for interface: 'GitHub.Runner.Worker.IActionCommandExtension'
[2022-09-05 08:27:27Z INFO ActionCommandManager] Register action command extension for command internal-set-repo-path
[2022-09-05 08:27:27Z INFO ActionCommandManager] Register action command extension for command set-env
[2022-09-05 08:27:27Z INFO ActionCommandManager] Register action command extension for command set-output
[2022-09-05 08:27:27Z INFO ActionCommandManager] Register action command extension for command save-state
[2022-09-05 08:27:27Z INFO ActionCommandManager] Register action command extension for command add-path
[2022-09-05 08:27:27Z INFO ActionCommandManager] Register action command extension for command add-mask
[2022-09-05 08:27:27Z INFO ActionCommandManager] Register action command extension for command add-matcher
[2022-09-05 08:27:27Z INFO ActionCommandManager] Register action command extension for command remove-matcher
[2022-09-05 08:27:27Z INFO ActionCommandManager] Register action command extension for command warning
[2022-09-05 08:27:27Z INFO ActionCommandManager] Register action command extension for command error
[2022-09-05 08:27:27Z INFO ActionCommandManager] Register action command extension for command notice
[2022-09-05 08:27:27Z INFO ActionCommandManager] Register action command extension for command debug
[2022-09-05 08:27:27Z INFO ActionCommandManager] Register action command extension for command group
[2022-09-05 08:27:27Z INFO ActionCommandManager] Register action command extension for command endgroup
[2022-09-05 08:27:27Z INFO ActionCommandManager] Register action command extension for command echo
[2022-09-05 08:27:27Z INFO ScriptHandler] Which: 'bash'
[2022-09-05 08:27:27Z INFO ScriptHandler] Location: '/usr/bin/bash'
[2022-09-05 08:27:27Z INFO HostContext] Well known directory 'Bin': '/home/alex/gitops/2test2/actions-runner/bin'
[2022-09-05 08:27:27Z INFO HostContext] Well known directory 'Root': '/home/alex/gitops/2test2/actions-runner'
[2022-09-05 08:27:27Z INFO HostContext] Well known directory 'Work': '/home/alex/gitops/2test2/actions-runner/_work'
[2022-09-05 08:27:27Z INFO HostContext] Well known directory 'Temp': '/home/alex/gitops/2test2/actions-runner/_work/_temp'
[2022-09-05 08:27:27Z INFO ScriptHandler] Which: 'bash'
[2022-09-05 08:27:27Z INFO ScriptHandler] Location: '/usr/bin/bash'
[2022-09-05 08:27:27Z INFO ProcessInvokerWrapper] Starting process:
[2022-09-05 08:27:27Z INFO ProcessInvokerWrapper]   File name: '/usr/bin/bash'
[2022-09-05 08:27:27Z INFO ProcessInvokerWrapper]   Arguments: '-e /home/alex/gitops/2test2/actions-runner/_work/_temp/2b334590-dcf6-4034-91d0-c89d308a83b1.sh'
[2022-09-05 08:27:27Z INFO ProcessInvokerWrapper]   Working directory: '/home/alex/gitops/2test2/actions-runner/_work/2test2/2test2'
[2022-09-05 08:27:27Z INFO ProcessInvokerWrapper]   Require exit code zero: 'False'
[2022-09-05 08:27:27Z INFO ProcessInvokerWrapper]   Encoding web name:  ; code page: ''
[2022-09-05 08:27:27Z INFO ProcessInvokerWrapper]   Force kill process on cancellation: 'False'
[2022-09-05 08:27:27Z INFO ProcessInvokerWrapper]   Redirected STDIN: 'False'
[2022-09-05 08:27:27Z INFO ProcessInvokerWrapper]   Persist current code page: 'False'
[2022-09-05 08:27:27Z INFO ProcessInvokerWrapper]   Keep redirected STDIN open: 'False'
[2022-09-05 08:27:27Z INFO ProcessInvokerWrapper]   High priority process: 'False'
[2022-09-05 08:27:27Z INFO ProcessInvokerWrapper] Updated oom_score_adj to 500 for PID: 11695.
[2022-09-05 08:27:27Z INFO ProcessInvokerWrapper] Process started with process id 11695, waiting for process exit.
[2022-09-05 08:27:27Z INFO ProcessInvokerWrapper] STDOUT/STDERR stream read finished.
[2022-09-05 08:27:27Z INFO ProcessInvokerWrapper] STDOUT/STDERR stream read finished.
[2022-09-05 08:27:27Z INFO ProcessInvokerWrapper] Finished process 11695 with exit code 0, and elapsed time 00:00:00.0029969.
[2022-09-05 08:27:27Z INFO CreateStepSummaryCommand] Step Summary file (/home/alex/gitops/2test2/actions-runner/_work/_temp/_runner_file_commands/step_summary_4c1141a1-8a09-4f57-bd38-914f1ced784d) is empty; skipping attachment upload
[2022-09-05 08:27:27Z INFO StepsRunner] Step result: 
[2022-09-05 08:27:27Z INFO ExecutionContext] Publish step telemetry for current step {
  "action": "sh",
  "type": "run",
  "stage": "Main",
  "stepId": "de33432b-863c-5613-9d99-1f8396b876c9",
  "stepContextName": "__run_2",
  "result": "succeeded",
  "errorMessages": [],
  "executionTimeInSeconds": 1,
  "startTime": "2022-09-05T08:27:27.1428481Z",
  "finishTime": "2022-09-05T08:27:27.1555886Z"
}.
[2022-09-05 08:27:27Z INFO StepsRunner] No need for updating job result with current step result 'Succeeded'.
[2022-09-05 08:27:27Z INFO StepsRunner] Current state: job state = ''
[2022-09-05 08:27:27Z INFO StepsRunner] Processing step: DisplayName='Run nc -z -v -w2 github.com 443 > github.com.log 2>&1'
[2022-09-05 08:27:27Z INFO StepsRunner] Evaluating: success()
[2022-09-05 08:27:27Z INFO StepsRunner] Result: true
[2022-09-05 08:27:27Z INFO StepsRunner] Starting the step.
[2022-09-05 08:27:27Z INFO HostContext] Well known directory 'Bin': '/home/alex/gitops/2test2/actions-runner/bin'
[2022-09-05 08:27:27Z INFO HostContext] Well known directory 'Root': '/home/alex/gitops/2test2/actions-runner'
[2022-09-05 08:27:27Z INFO HostContext] Well known directory 'Work': '/home/alex/gitops/2test2/actions-runner/_work'
[2022-09-05 08:27:27Z INFO HostContext] Well known directory 'Temp': '/home/alex/gitops/2test2/actions-runner/_work/_temp'
[2022-09-05 08:27:27Z INFO ExecutionContext] Write event payload to /home/alex/gitops/2test2/actions-runner/_work/_temp/_github_workflow/event.json
[2022-09-05 08:27:27Z INFO HostContext] Well known directory 'Bin': '/home/alex/gitops/2test2/actions-runner/bin'
[2022-09-05 08:27:27Z INFO HostContext] Well known directory 'Root': '/home/alex/gitops/2test2/actions-runner'
[2022-09-05 08:27:27Z INFO HostContext] Well known directory 'Work': '/home/alex/gitops/2test2/actions-runner/_work'
[2022-09-05 08:27:27Z INFO HostContext] Well known directory 'Temp': '/home/alex/gitops/2test2/actions-runner/_work/_temp'
[2022-09-05 08:27:27Z INFO ExtensionManager] Getting extensions for interface: 'GitHub.Runner.Worker.IFileCommandExtension'
[2022-09-05 08:27:27Z INFO ExtensionManager] Getting extensions for interface: 'GitHub.Runner.Worker.IActionCommandExtension'
[2022-09-05 08:27:27Z INFO ActionCommandManager] Register action command extension for command internal-set-repo-path
[2022-09-05 08:27:27Z INFO ActionCommandManager] Register action command extension for command set-env
[2022-09-05 08:27:27Z INFO ActionCommandManager] Register action command extension for command set-output
[2022-09-05 08:27:27Z INFO ActionCommandManager] Register action command extension for command save-state
[2022-09-05 08:27:27Z INFO ActionCommandManager] Register action command extension for command add-path
[2022-09-05 08:27:27Z INFO ActionCommandManager] Register action command extension for command add-mask
[2022-09-05 08:27:27Z INFO ActionCommandManager] Register action command extension for command add-matcher
[2022-09-05 08:27:27Z INFO ActionCommandManager] Register action command extension for command remove-matcher
[2022-09-05 08:27:27Z INFO ActionCommandManager] Register action command extension for command warning
[2022-09-05 08:27:27Z INFO ActionCommandManager] Register action command extension for command error
[2022-09-05 08:27:27Z INFO ActionCommandManager] Register action command extension for command notice
[2022-09-05 08:27:27Z INFO ActionCommandManager] Register action command extension for command debug
[2022-09-05 08:27:27Z INFO ActionCommandManager] Register action command extension for command group
[2022-09-05 08:27:27Z INFO ActionCommandManager] Register action command extension for command endgroup
[2022-09-05 08:27:27Z INFO ActionCommandManager] Register action command extension for command echo
[2022-09-05 08:27:27Z INFO ScriptHandler] Which: 'bash'
[2022-09-05 08:27:27Z INFO ScriptHandler] Location: '/usr/bin/bash'
[2022-09-05 08:27:27Z INFO HostContext] Well known directory 'Bin': '/home/alex/gitops/2test2/actions-runner/bin'
[2022-09-05 08:27:27Z INFO HostContext] Well known directory 'Root': '/home/alex/gitops/2test2/actions-runner'
[2022-09-05 08:27:27Z INFO HostContext] Well known directory 'Work': '/home/alex/gitops/2test2/actions-runner/_work'
[2022-09-05 08:27:27Z INFO HostContext] Well known directory 'Temp': '/home/alex/gitops/2test2/actions-runner/_work/_temp'
[2022-09-05 08:27:27Z INFO ScriptHandler] Which: 'bash'
[2022-09-05 08:27:27Z INFO ScriptHandler] Location: '/usr/bin/bash'
[2022-09-05 08:27:27Z INFO ProcessInvokerWrapper] Starting process:
[2022-09-05 08:27:27Z INFO ProcessInvokerWrapper]   File name: '/usr/bin/bash'
[2022-09-05 08:27:27Z INFO ProcessInvokerWrapper]   Arguments: '-e /home/alex/gitops/2test2/actions-runner/_work/_temp/5a3767b6-3d49-4cb9-904b-fa6aee4e1e7c.sh'
[2022-09-05 08:27:27Z INFO ProcessInvokerWrapper]   Working directory: '/home/alex/gitops/2test2/actions-runner/_work/2test2/2test2'
[2022-09-05 08:27:27Z INFO ProcessInvokerWrapper]   Require exit code zero: 'False'
[2022-09-05 08:27:27Z INFO ProcessInvokerWrapper]   Encoding web name:  ; code page: ''
[2022-09-05 08:27:27Z INFO ProcessInvokerWrapper]   Force kill process on cancellation: 'False'
[2022-09-05 08:27:27Z INFO ProcessInvokerWrapper]   Redirected STDIN: 'False'
[2022-09-05 08:27:27Z INFO ProcessInvokerWrapper]   Persist current code page: 'False'
[2022-09-05 08:27:27Z INFO ProcessInvokerWrapper]   Keep redirected STDIN open: 'False'
[2022-09-05 08:27:27Z INFO ProcessInvokerWrapper]   High priority process: 'False'
[2022-09-05 08:27:27Z INFO ProcessInvokerWrapper] Updated oom_score_adj to 500 for PID: 11696.
[2022-09-05 08:27:27Z INFO ProcessInvokerWrapper] Process started with process id 11696, waiting for process exit.
[2022-09-05 08:27:27Z INFO ProcessInvokerWrapper] STDOUT/STDERR stream read finished.
[2022-09-05 08:27:27Z INFO ProcessInvokerWrapper] STDOUT/STDERR stream read finished.
[2022-09-05 08:27:27Z INFO ProcessInvokerWrapper] Finished process 11696 with exit code 0, and elapsed time 00:00:00.0541232.
[2022-09-05 08:27:27Z INFO CreateStepSummaryCommand] Step Summary file (/home/alex/gitops/2test2/actions-runner/_work/_temp/_runner_file_commands/step_summary_b0fc18cb-1f53-49d2-8b9f-97cfed2c40c8) is empty; skipping attachment upload
[2022-09-05 08:27:27Z INFO StepsRunner] Step result: 
[2022-09-05 08:27:27Z INFO ExecutionContext] Publish step telemetry for current step {
  "action": "sh",
  "type": "run",
  "stage": "Main",
  "stepId": "95ab4ec5-9f19-5241-9195-18c059c1850d",
  "stepContextName": "__run_3",
  "result": "succeeded",
  "errorMessages": [],
  "executionTimeInSeconds": 1,
  "startTime": "2022-09-05T08:27:27.1560175Z",
  "finishTime": "2022-09-05T08:27:27.2264681Z"
}.
[2022-09-05 08:27:27Z INFO StepsRunner] No need for updating job result with current step result 'Succeeded'.
[2022-09-05 08:27:27Z INFO StepsRunner] Current state: job state = ''
[2022-09-05 08:27:27Z INFO StepsRunner] Processing step: DisplayName='Upload report'
[2022-09-05 08:27:27Z INFO StepsRunner] Evaluating: success()
[2022-09-05 08:27:27Z INFO StepsRunner] Result: true
[2022-09-05 08:27:27Z INFO StepsRunner] Starting the step.
[2022-09-05 08:27:27Z INFO HostContext] Well known directory 'Bin': '/home/alex/gitops/2test2/actions-runner/bin'
[2022-09-05 08:27:27Z INFO HostContext] Well known directory 'Root': '/home/alex/gitops/2test2/actions-runner'
[2022-09-05 08:27:27Z INFO HostContext] Well known directory 'Work': '/home/alex/gitops/2test2/actions-runner/_work'
[2022-09-05 08:27:27Z INFO HostContext] Well known directory 'Actions': '/home/alex/gitops/2test2/actions-runner/_work/_actions'
[2022-09-05 08:27:27Z INFO ActionManager] Load action that reference repository from '/home/alex/gitops/2test2/actions-runner/_work/_actions/actions/upload-artifact/v2'
[2022-09-05 08:27:27Z INFO HostContext] Well known directory 'Bin': '/home/alex/gitops/2test2/actions-runner/bin'
[2022-09-05 08:27:27Z INFO HostContext] Well known directory 'Root': '/home/alex/gitops/2test2/actions-runner'
[2022-09-05 08:27:27Z INFO HostContext] Well known directory 'Work': '/home/alex/gitops/2test2/actions-runner/_work'
[2022-09-05 08:27:27Z INFO HostContext] Well known directory 'Actions': '/home/alex/gitops/2test2/actions-runner/_work/_actions'
[2022-09-05 08:27:27Z INFO ActionManifestManager] Ignore action property author.
[2022-09-05 08:27:27Z INFO ActionManifestManager] Loaded action.yml file: {
  "name": "Upload a Build Artifact",
  "description": "Upload a build artifact that can be used by subsequent workflow steps",
  "inputs": {
    "type": 2,
    "map": [
      {
        "key": {
          "type": 0,
          "file": 2,
          "line": 5,
          "col": 3,
          "lit": "name"
        },
        "value": {
          "type": 0,
          "file": 2,
          "line": 7,
          "col": 14,
          "lit": "artifact"
        }
      },
      {
        "key": {
          "type": 0,
          "file": 2,
          "line": 8,
          "col": 3,
          "lit": "path"
        },
        "value": ""
      },
      {
        "key": {
          "type": 0,
          "file": 2,
          "line": 11,
          "col": 3,
          "lit": "if-no-files-found"
        },
        "value": {
          "type": 0,
          "file": 2,
          "line": 19,
          "col": 14,
          "lit": "warn"
        }
      },
      {
        "key": {
          "type": 0,
          "file": 2,
          "line": 20,
          "col": 3,
          "lit": "retention-days"
        },
        "value": ""
      }
    ]
  },
  "execution": {
    "executionType": "nodeJS",
    "hasPre": false,
    "hasPost": false,
    "script": "dist/index.js",
    "pre": null,
    "post": null,
    "nodeVersion": "node12",
    "cleanupCondition": "always()",
    "initCondition": "always()"
  },
  "deprecated": null
}
[2022-09-05 08:27:27Z INFO ActionManager] Action pre node.js file: N/A.
[2022-09-05 08:27:27Z INFO ActionManager] Action node.js file: dist/index.js.
[2022-09-05 08:27:27Z INFO ActionManager] Action post node.js file: N/A.
[2022-09-05 08:27:27Z INFO HostContext] Well known directory 'Bin': '/home/alex/gitops/2test2/actions-runner/bin'
[2022-09-05 08:27:27Z INFO HostContext] Well known directory 'Root': '/home/alex/gitops/2test2/actions-runner'
[2022-09-05 08:27:27Z INFO HostContext] Well known directory 'Work': '/home/alex/gitops/2test2/actions-runner/_work'
[2022-09-05 08:27:27Z INFO HostContext] Well known directory 'Temp': '/home/alex/gitops/2test2/actions-runner/_work/_temp'
[2022-09-05 08:27:27Z INFO ExecutionContext] Write event payload to /home/alex/gitops/2test2/actions-runner/_work/_temp/_github_workflow/event.json
[2022-09-05 08:27:27Z INFO HostContext] Well known directory 'Bin': '/home/alex/gitops/2test2/actions-runner/bin'
[2022-09-05 08:27:27Z INFO HostContext] Well known directory 'Root': '/home/alex/gitops/2test2/actions-runner'
[2022-09-05 08:27:27Z INFO HostContext] Well known directory 'Work': '/home/alex/gitops/2test2/actions-runner/_work'
[2022-09-05 08:27:27Z INFO HostContext] Well known directory 'Temp': '/home/alex/gitops/2test2/actions-runner/_work/_temp'
[2022-09-05 08:27:27Z INFO ExtensionManager] Getting extensions for interface: 'GitHub.Runner.Worker.IFileCommandExtension'
[2022-09-05 08:27:27Z INFO ActionManifestManager] Input 'name': default value evaluate result: {
  "type": 0,
  "file": 2,
  "line": 7,
  "col": 14,
  "lit": "artifact"
}
[2022-09-05 08:27:27Z INFO ActionManifestManager] Input 'if-no-files-found': default value evaluate result: {
  "type": 0,
  "file": 2,
  "line": 19,
  "col": 14,
  "lit": "warn"
}
[2022-09-05 08:27:27Z INFO ActionManifestManager] Input 'retention-days': default value evaluate result: ""
[2022-09-05 08:27:27Z INFO ExtensionManager] Getting extensions for interface: 'GitHub.Runner.Worker.IActionCommandExtension'
[2022-09-05 08:27:27Z INFO ActionCommandManager] Register action command extension for command internal-set-repo-path
[2022-09-05 08:27:27Z INFO ActionCommandManager] Register action command extension for command set-env
[2022-09-05 08:27:27Z INFO ActionCommandManager] Register action command extension for command set-output
[2022-09-05 08:27:27Z INFO ActionCommandManager] Register action command extension for command save-state
[2022-09-05 08:27:27Z INFO ActionCommandManager] Register action command extension for command add-path
[2022-09-05 08:27:27Z INFO ActionCommandManager] Register action command extension for command add-mask
[2022-09-05 08:27:27Z INFO ActionCommandManager] Register action command extension for command add-matcher
[2022-09-05 08:27:27Z INFO ActionCommandManager] Register action command extension for command remove-matcher
[2022-09-05 08:27:27Z INFO ActionCommandManager] Register action command extension for command warning
[2022-09-05 08:27:27Z INFO ActionCommandManager] Register action command extension for command error
[2022-09-05 08:27:27Z INFO ActionCommandManager] Register action command extension for command notice
[2022-09-05 08:27:27Z INFO ActionCommandManager] Register action command extension for command debug
[2022-09-05 08:27:27Z INFO ActionCommandManager] Register action command extension for command group
[2022-09-05 08:27:27Z INFO ActionCommandManager] Register action command extension for command endgroup
[2022-09-05 08:27:27Z INFO ActionCommandManager] Register action command extension for command echo
[2022-09-05 08:27:27Z INFO HostContext] Well known directory 'Bin': '/home/alex/gitops/2test2/actions-runner/bin'
[2022-09-05 08:27:27Z INFO HostContext] Well known directory 'Root': '/home/alex/gitops/2test2/actions-runner'
[2022-09-05 08:27:27Z INFO HostContext] Well known directory 'Externals': '/home/alex/gitops/2test2/actions-runner/externals'
[2022-09-05 08:27:27Z INFO ProcessInvokerWrapper] Starting process:
[2022-09-05 08:27:27Z INFO ProcessInvokerWrapper]   File name: '/home/alex/gitops/2test2/actions-runner/externals/node12/bin/node'
[2022-09-05 08:27:27Z INFO ProcessInvokerWrapper]   Arguments: '"/home/alex/gitops/2test2/actions-runner/_work/_actions/actions/upload-artifact/v2/dist/index.js"'
[2022-09-05 08:27:27Z INFO ProcessInvokerWrapper]   Working directory: '/home/alex/gitops/2test2/actions-runner/_work/2test2/2test2'
[2022-09-05 08:27:27Z INFO ProcessInvokerWrapper]   Require exit code zero: 'False'
[2022-09-05 08:27:27Z INFO ProcessInvokerWrapper]   Encoding web name:  ; code page: ''
[2022-09-05 08:27:27Z INFO ProcessInvokerWrapper]   Force kill process on cancellation: 'False'
[2022-09-05 08:27:27Z INFO ProcessInvokerWrapper]   Redirected STDIN: 'False'
[2022-09-05 08:27:27Z INFO ProcessInvokerWrapper]   Persist current code page: 'False'
[2022-09-05 08:27:27Z INFO ProcessInvokerWrapper]   Keep redirected STDIN open: 'False'
[2022-09-05 08:27:27Z INFO ProcessInvokerWrapper]   High priority process: 'False'
[2022-09-05 08:27:27Z INFO ProcessInvokerWrapper] Updated oom_score_adj to 500 for PID: 11700.
[2022-09-05 08:27:27Z INFO ProcessInvokerWrapper] Process started with process id 11700, waiting for process exit.
[2022-09-05 08:27:27Z INFO JobServerQueue] Try to append 1 batches web console lines for record 'de33432b-863c-5613-9d99-1f8396b876c9', success rate: 1/1.
[2022-09-05 08:27:27Z INFO JobServerQueue] Try to append 1 batches web console lines for record '95ab4ec5-9f19-5241-9195-18c059c1850d', success rate: 1/1.
[2022-09-05 08:27:27Z INFO JobServerQueue] Try to append 1 batches web console lines for record '11cce32d-0c93-5f99-0fc5-f754d2c8bb4e', success rate: 1/1.
[2022-09-05 08:27:27Z INFO JobServerQueue] Try to upload 1 log files or attachments, success rate: 1/1.
[2022-09-05 08:27:28Z INFO JobServerQueue] Try to append 1 batches web console lines for record '11cce32d-0c93-5f99-0fc5-f754d2c8bb4e', success rate: 1/1.
[2022-09-05 08:27:28Z INFO JobServerQueue] Try to append 1 batches web console lines for record '11cce32d-0c93-5f99-0fc5-f754d2c8bb4e', success rate: 1/1.
[2022-09-05 08:27:29Z INFO JobServerQueue] Try to upload 2 log files or attachments, success rate: 2/2.
[2022-09-05 08:27:29Z INFO ProcessInvokerWrapper] STDOUT/STDERR stream read finished.
[2022-09-05 08:27:29Z INFO ProcessInvokerWrapper] STDOUT/STDERR stream read finished.
[2022-09-05 08:27:29Z INFO JobServerQueue] Try to append 1 batches web console lines for record '11cce32d-0c93-5f99-0fc5-f754d2c8bb4e', success rate: 1/1.
[2022-09-05 08:27:29Z INFO ProcessInvokerWrapper] Finished process 11700 with exit code 0, and elapsed time 00:00:02.3843591.
[2022-09-05 08:27:29Z INFO CreateStepSummaryCommand] Step Summary file (/home/alex/gitops/2test2/actions-runner/_work/_temp/_runner_file_commands/step_summary_4b09d82d-6ebe-4106-a8a5-1457c8c13a09) is empty; skipping attachment upload
[2022-09-05 08:27:29Z INFO StepsRunner] Step result: 
[2022-09-05 08:27:29Z INFO ExecutionContext] Publish step telemetry for current step {
  "action": "actions/upload-artifact",
  "ref": "v2",
  "type": "node12",
  "stage": "Main",
  "stepId": "11cce32d-0c93-5f99-0fc5-f754d2c8bb4e",
  "stepContextName": "__actions_upload-artifact",
  "hasPreStep": false,
  "hasPostStep": false,
  "result": "succeeded",
  "errorMessages": [],
  "executionTimeInSeconds": 3,
  "startTime": "2022-09-05T08:27:27.2268484Z",
  "finishTime": "2022-09-05T08:27:29.6293779Z"
}.
[2022-09-05 08:27:29Z INFO StepsRunner] No need for updating job result with current step result 'Succeeded'.
[2022-09-05 08:27:29Z INFO StepsRunner] Current state: job state = ''
[2022-09-05 08:27:29Z INFO JobRunner] Finalize job.
[2022-09-05 08:27:29Z INFO HostContext] Well known directory 'Bin': '/home/alex/gitops/2test2/actions-runner/bin'
[2022-09-05 08:27:29Z INFO HostContext] Well known directory 'Root': '/home/alex/gitops/2test2/actions-runner'
[2022-09-05 08:27:29Z INFO HostContext] Well known directory 'Diag': '/home/alex/gitops/2test2/actions-runner/_diag'
[2022-09-05 08:27:29Z INFO JobExtension] Initialize Env context
[2022-09-05 08:27:29Z INFO JobExtension] Initialize steps context
[2022-09-05 08:27:29Z INFO JobExtension] Total accessible running process: 150.
[2022-09-05 08:27:29Z INFO JobExtension] Inspecting process environment variables. PID: 11599 (packagekitd)
[2022-09-05 08:27:29Z INFO LinuxProcessExtensions] Read env from /proc/11599/environ
[2022-09-05 08:27:29Z WARN JobExtension] Ignore exception during read process environment variables: Access to the path '/proc/11599/environ' is denied.
[2022-09-05 08:27:29Z INFO JobExtension] Inspecting process environment variables. PID: 11637 (kworker/u2:2)
[2022-09-05 08:27:29Z INFO LinuxProcessExtensions] Read env from /proc/11637/environ
[2022-09-05 08:27:29Z WARN JobExtension] Ignore exception during read process environment variables: Access to the path '/proc/11637/environ' is denied.
[2022-09-05 08:27:29Z INFO ExecutionContext] Publish step telemetry for current step {
  "action": "complete_job",
  "type": "runner",
  "stage": "Post",
  "stepId": "bb7e3adc-a627-4dd0-b50a-5b6e7805d779",
  "result": "succeeded",
  "errorMessages": [],
  "executionTimeInSeconds": 1,
  "startTime": "2022-09-05T08:27:29.6462411Z",
  "finishTime": "2022-09-05T08:27:29.6829334Z"
}.
[2022-09-05 08:27:29Z INFO JobRunner] Job result after all job steps finish: Succeeded
[2022-09-05 08:27:29Z INFO JobRunner] Completing the job execution context.
[2022-09-05 08:27:29Z INFO JobRunner] Shutting down the job server queue.
[2022-09-05 08:27:29Z INFO JobServerQueue] Fire signal to shutdown all queues.
[2022-09-05 08:27:30Z INFO JobServerQueue] All queue process task stopped.
[2022-09-05 08:27:30Z INFO JobServerQueue] Try to append 1 batches web console lines for record 'bb7e3adc-a627-4dd0-b50a-5b6e7805d779', success rate: 1/1.
[2022-09-05 08:27:30Z INFO JobServerQueue] Web console line queue drained.
[2022-09-05 08:27:30Z INFO JobServerQueue] Uploading 3 files in one shot.
[2022-09-05 08:27:31Z INFO JobServerQueue] Try to upload 3 log files or attachments, success rate: 3/3.
[2022-09-05 08:27:31Z INFO JobServerQueue] File upload queue drained.
[2022-09-05 08:27:31Z INFO JobServerQueue] Timeline update queue drained.
[2022-09-05 08:27:31Z INFO JobServerQueue] Disposing job server ...
[2022-09-05 08:27:31Z INFO JobServerQueue] All queue process tasks have been stopped, and all queues are drained.
[2022-09-05 08:27:31Z INFO TempDirectoryManager] Cleaning runner temp folder: /home/alex/gitops/2test2/actions-runner/_work/_temp
[2022-09-05 08:27:31Z INFO HostContext] Well known directory 'Bin': '/home/alex/gitops/2test2/actions-runner/bin'
[2022-09-05 08:27:31Z INFO HostContext] Well known directory 'Root': '/home/alex/gitops/2test2/actions-runner'
[2022-09-05 08:27:31Z INFO HostContext] Well known directory 'Diag': '/home/alex/gitops/2test2/actions-runner/_diag'
[2022-09-05 08:27:31Z INFO HostContext] Well known config file 'Telemetry': '/home/alex/gitops/2test2/actions-runner/_diag/.telemetry'
[2022-09-05 08:27:31Z INFO JobRunner] Raising job completed event
[2022-09-05 08:27:31Z INFO Worker] Job completed.
